[INFO] 2018-02-16 12:33:34,945 Image Mosaicing starts
[DEBUG] 2018-02-16 12:33:34,945 Working directory switched to one directory back
[ERROR] 2018-02-16 12:33:34,960 No image data loaded
[INFO] 2018-02-16 12:34:25,456 Image Mosaicing starts
[DEBUG] 2018-02-16 12:34:25,456 Working directory switched to one directory back
[INFO] 2018-02-16 12:34:47,953 Image Mosaicing starts
[DEBUG] 2018-02-16 12:34:47,953 Working directory switched to one directory back
[INFO] 2018-02-16 14:48:33,790 Image Mosaicing starts
[DEBUG] 2018-02-16 14:48:33,794 Working directory switched to one directory back
[INFO] 2018-02-16 14:57:20,913 Image Mosaicing starts
[DEBUG] 2018-02-16 14:57:20,914 Working directory switched to one directory back
[INFO] 2018-02-16 15:37:35,559 Image Mosaicing starts
[DEBUG] 2018-02-16 15:37:35,563 Working directory switched to one directory back
[INFO] 2018-02-16 16:18:32,293 Image Mosaicing starts
[DEBUG] 2018-02-16 16:18:32,293 Working directory switched to one directory back
[INFO] 2018-02-16 16:29:13,965 Image Mosaicing starts
[DEBUG] 2018-02-16 16:29:13,965 Working directory switched to one directory back
[INFO] 2018-02-16 16:54:03,259 Image Mosaicing starts
[DEBUG] 2018-02-16 16:54:03,263 Working directory switched to one directory back
[INFO] 2018-02-16 16:55:53,022 Image Mosaicing starts
[DEBUG] 2018-02-16 16:55:53,023 Working directory switched to one directory back
[INFO] 2018-02-16 17:27:53,680 Image Mosaicing starts
[DEBUG] 2018-02-16 17:27:53,706 Working directory switched to one directory back
[INFO] 2018-02-16 17:28:33,889 Image Mosaicing starts
[DEBUG] 2018-02-16 17:28:33,890 Working directory switched to one directory back
[INFO] 2018-02-16 17:29:25,201 Image Mosaicing starts
[DEBUG] 2018-02-16 17:29:25,201 Working directory switched to one directory back
[INFO] 2018-02-16 17:33:48,984 Image Mosaicing starts
[DEBUG] 2018-02-16 17:33:48,984 Working directory switched to one directory back
[INFO] 2018-02-16 17:34:36,634 Image Mosaicing starts
[DEBUG] 2018-02-16 17:34:36,634 Working directory switched to one directory back
[INFO] 2018-02-16 17:36:33,628 Image Mosaicing starts
[DEBUG] 2018-02-16 17:36:33,628 Working directory switched to one directory back
[INFO] 2018-02-16 17:36:52,706 Image Mosaicing starts
[DEBUG] 2018-02-16 17:36:52,706 Working directory switched to one directory back
[INFO] 2018-02-16 17:37:26,493 Image Mosaicing starts
[DEBUG] 2018-02-16 17:37:26,494 Working directory switched to one directory back
[INFO] 2018-02-16 17:37:49,573 Image Mosaicing starts
[DEBUG] 2018-02-16 17:37:49,573 Working directory switched to one directory back
[INFO] 2018-02-16 17:44:44,667 Image Mosaicing starts
[DEBUG] 2018-02-16 17:44:44,667 Working directory switched to one directory back
[INFO] 2018-02-16 17:45:16,285 Image Mosaicing starts
[DEBUG] 2018-02-16 17:45:16,285 Working directory switched to one directory back
[INFO] 2018-02-16 17:45:35,815 Image Mosaicing starts
[DEBUG] 2018-02-16 17:45:35,815 Working directory switched to one directory back
[INFO] 2018-02-16 17:46:46,977 Image Mosaicing starts
[DEBUG] 2018-02-16 17:46:46,977 Working directory switched to one directory back
[INFO] 2018-02-16 17:47:12,285 Image Mosaicing starts
[DEBUG] 2018-02-16 17:47:12,285 Working directory switched to one directory back
[INFO] 2018-02-16 18:00:26,213 Image Mosaicing starts
[DEBUG] 2018-02-16 18:00:26,213 Working directory switched to one directory back
[INFO] 2018-02-16 18:01:45,143 Image Mosaicing starts
[DEBUG] 2018-02-16 18:01:45,143 Working directory switched to one directory back
[INFO] 2018-02-16 18:01:50,502 Image Mosaicing starts
[DEBUG] 2018-02-16 18:01:50,502 Working directory switched to one directory back
[INFO] 2018-02-16 18:02:22,117 Image Mosaicing starts
[DEBUG] 2018-02-16 18:02:22,117 Working directory switched to one directory back
[INFO] 2018-02-16 18:04:30,769 Image Mosaicing starts
[DEBUG] 2018-02-16 18:04:30,769 Working directory switched to one directory back
[INFO] 2018-02-16 18:04:34,119 Image Mosaicing starts
[DEBUG] 2018-02-16 18:04:34,119 Working directory switched to one directory back
[INFO] 2018-02-19 11:30:12,224 Image Mosaicing starts
[DEBUG] 2018-02-19 11:30:12,224 Working directory switched to one directory back
[INFO] 2018-02-19 12:20:24,934 Image Mosaicing starts
[DEBUG] 2018-02-19 12:20:24,935 Working directory switched to one directory back
[WARN] 2018-02-19 12:20:26,094 Images could not be sttiched.
[WARN] 2018-02-19 12:20:26,431 Images could not be sttiched.
[WARN] 2018-02-19 12:20:26,440 Images could not be sttiched.
[WARN] 2018-02-19 12:20:26,451 Images could not be sttiched.
[WARN] 2018-02-19 12:20:26,464 Images could not be sttiched.
[WARN] 2018-02-19 12:20:26,480 Images could not be sttiched.
[WARN] 2018-02-19 12:20:26,489 Images could not be sttiched.
[WARN] 2018-02-19 12:20:26,497 Images could not be sttiched.
[WARN] 2018-02-19 12:20:26,513 Images could not be sttiched.
[WARN] 2018-02-19 12:20:26,520 Images could not be sttiched.
[WARN] 2018-02-19 12:20:26,528 Images could not be sttiched.
[WARN] 2018-02-19 12:20:26,536 Images could not be sttiched.
[WARN] 2018-02-19 12:20:26,543 Images could not be sttiched.
[WARN] 2018-02-19 12:20:26,549 Images could not be sttiched.
[WARN] 2018-02-19 12:20:26,559 Images could not be sttiched.
[WARN] 2018-02-19 12:20:26,569 Images could not be sttiched.
[WARN] 2018-02-19 12:20:26,576 Images could not be sttiched.
[WARN] 2018-02-19 12:20:26,583 Images could not be sttiched.
[WARN] 2018-02-19 12:20:26,591 Images could not be sttiched.
[WARN] 2018-02-19 12:20:26,597 Images could not be sttiched.
[WARN] 2018-02-19 12:20:26,606 Images could not be sttiched.
[WARN] 2018-02-19 12:20:26,612 Images could not be sttiched.
[WARN] 2018-02-19 12:20:26,620 Images could not be sttiched.
[WARN] 2018-02-19 12:20:26,627 Images could not be sttiched.
[WARN] 2018-02-19 12:20:26,635 Images could not be sttiched.
[WARN] 2018-02-19 12:20:26,643 Images could not be sttiched.
[WARN] 2018-02-19 12:20:26,650 Images could not be sttiched.
[WARN] 2018-02-19 12:20:26,656 Images could not be sttiched.
[WARN] 2018-02-19 12:20:26,665 Images could not be sttiched.
[WARN] 2018-02-19 12:20:26,675 Images could not be sttiched.
[WARN] 2018-02-19 12:20:26,682 Images could not be sttiched.
[WARN] 2018-02-19 12:20:26,689 Images could not be sttiched.
[WARN] 2018-02-19 12:20:26,696 Images could not be sttiched.
[WARN] 2018-02-19 12:20:26,703 Images could not be sttiched.
[WARN] 2018-02-19 12:20:26,709 Images could not be sttiched.
[WARN] 2018-02-19 12:20:26,715 Images could not be sttiched.
[WARN] 2018-02-19 12:20:26,723 Images could not be sttiched.
[WARN] 2018-02-19 12:20:26,731 Images could not be sttiched.
[WARN] 2018-02-19 12:20:26,743 Images could not be sttiched.
[INFO] 2018-02-19 12:23:56,777 Image Mosaicing starts
[DEBUG] 2018-02-19 12:23:56,777 Working directory switched to one directory back
[WARN] 2018-02-19 12:23:57,058 Images could not be sttiched.
[WARN] 2018-02-19 12:23:57,085 Images could not be sttiched.
[WARN] 2018-02-19 12:23:57,112 Images could not be sttiched.
[WARN] 2018-02-19 12:23:57,143 Images could not be sttiched.
[WARN] 2018-02-19 12:23:57,174 Images could not be sttiched.
[WARN] 2018-02-19 12:23:57,196 Images could not be sttiched.
[WARN] 2018-02-19 12:23:57,222 Images could not be sttiched.
[WARN] 2018-02-19 12:23:57,247 Images could not be sttiched.
[WARN] 2018-02-19 12:23:57,272 Images could not be sttiched.
[WARN] 2018-02-19 12:23:57,303 Images could not be sttiched.
[WARN] 2018-02-19 12:23:57,324 Images could not be sttiched.
[WARN] 2018-02-19 12:23:57,351 Images could not be sttiched.
[WARN] 2018-02-19 12:23:57,377 Images could not be sttiched.
[WARN] 2018-02-19 12:23:57,408 Images could not be sttiched.
[WARN] 2018-02-19 12:23:57,437 Images could not be sttiched.
[WARN] 2018-02-19 12:23:57,464 Images could not be sttiched.
[WARN] 2018-02-19 12:23:57,488 Images could not be sttiched.
[WARN] 2018-02-19 12:23:57,514 Images could not be sttiched.
[WARN] 2018-02-19 12:23:57,550 Images could not be sttiched.
[WARN] 2018-02-19 12:23:57,571 Images could not be sttiched.
[WARN] 2018-02-19 12:23:57,594 Images could not be sttiched.
[WARN] 2018-02-19 12:23:57,624 Images could not be sttiched.
[WARN] 2018-02-19 12:23:57,643 Images could not be sttiched.
[WARN] 2018-02-19 12:23:57,663 Images could not be sttiched.
[WARN] 2018-02-19 12:23:57,677 Images could not be sttiched.
[WARN] 2018-02-19 12:23:57,696 Images could not be sttiched.
[WARN] 2018-02-19 12:23:57,715 Images could not be sttiched.
[WARN] 2018-02-19 12:23:57,738 Images could not be sttiched.
[WARN] 2018-02-19 12:23:57,757 Images could not be sttiched.
[WARN] 2018-02-19 12:23:57,776 Images could not be sttiched.
[WARN] 2018-02-19 12:23:57,791 Images could not be sttiched.
[WARN] 2018-02-19 12:23:57,804 Images could not be sttiched.
[WARN] 2018-02-19 12:23:57,817 Images could not be sttiched.
[WARN] 2018-02-19 12:23:57,832 Images could not be sttiched.
[WARN] 2018-02-19 12:23:57,850 Images could not be sttiched.
[WARN] 2018-02-19 12:23:57,865 Images could not be sttiched.
[WARN] 2018-02-19 12:23:57,879 Images could not be sttiched.
[WARN] 2018-02-19 12:23:57,894 Images could not be sttiched.
[WARN] 2018-02-19 12:23:57,910 Images could not be sttiched.
[WARN] 2018-02-19 12:23:57,926 Images could not be sttiched.
[WARN] 2018-02-19 12:23:57,939 Images could not be sttiched.
[WARN] 2018-02-19 12:23:57,953 Images could not be sttiched.
[WARN] 2018-02-19 12:23:57,965 Images could not be sttiched.
[WARN] 2018-02-19 12:23:57,977 Images could not be sttiched.
[WARN] 2018-02-19 12:23:57,990 Images could not be sttiched.
[WARN] 2018-02-19 12:23:58,002 Images could not be sttiched.
[WARN] 2018-02-19 12:23:58,016 Images could not be sttiched.
[WARN] 2018-02-19 12:23:58,030 Images could not be sttiched.
[WARN] 2018-02-19 12:23:58,046 Images could not be sttiched.
[WARN] 2018-02-19 12:23:58,061 Images could not be sttiched.
[WARN] 2018-02-19 12:23:58,076 Images could not be sttiched.
[WARN] 2018-02-19 12:23:58,089 Images could not be sttiched.
[WARN] 2018-02-19 12:23:58,125 Images could not be sttiched.
[WARN] 2018-02-19 12:23:58,141 Images could not be sttiched.
[WARN] 2018-02-19 12:23:58,160 Images could not be sttiched.
[WARN] 2018-02-19 12:23:58,181 Images could not be sttiched.
[WARN] 2018-02-19 12:23:58,198 Images could not be sttiched.
[WARN] 2018-02-19 12:23:58,216 Images could not be sttiched.
[WARN] 2018-02-19 12:23:58,233 Images could not be sttiched.
[WARN] 2018-02-19 12:23:58,250 Images could not be sttiched.
[WARN] 2018-02-19 12:23:58,270 Images could not be sttiched.
[WARN] 2018-02-19 12:23:58,291 Images could not be sttiched.
[WARN] 2018-02-19 12:23:58,306 Images could not be sttiched.
[WARN] 2018-02-19 12:23:58,318 Images could not be sttiched.
[WARN] 2018-02-19 12:23:58,329 Images could not be sttiched.
[WARN] 2018-02-19 12:23:58,345 Images could not be sttiched.
[WARN] 2018-02-19 12:23:58,358 Images could not be sttiched.
[WARN] 2018-02-19 12:23:58,369 Images could not be sttiched.
[WARN] 2018-02-19 12:23:58,382 Images could not be sttiched.
[WARN] 2018-02-19 12:23:58,397 Images could not be sttiched.
[WARN] 2018-02-19 12:23:58,411 Images could not be sttiched.
[WARN] 2018-02-19 12:23:58,424 Images could not be sttiched.
[WARN] 2018-02-19 12:23:58,436 Images could not be sttiched.
[WARN] 2018-02-19 12:23:58,455 Images could not be sttiched.
[WARN] 2018-02-19 12:23:58,469 Images could not be sttiched.
[WARN] 2018-02-19 12:23:58,483 Images could not be sttiched.
[WARN] 2018-02-19 12:23:58,498 Images could not be sttiched.
[WARN] 2018-02-19 12:23:58,516 Images could not be sttiched.
[WARN] 2018-02-19 12:23:58,531 Images could not be sttiched.
[WARN] 2018-02-19 12:23:58,549 Images could not be sttiched.
[WARN] 2018-02-19 12:23:58,567 Images could not be sttiched.
[WARN] 2018-02-19 12:23:58,583 Images could not be sttiched.
[WARN] 2018-02-19 12:23:58,602 Images could not be sttiched.
[WARN] 2018-02-19 12:23:58,619 Images could not be sttiched.
[WARN] 2018-02-19 12:23:58,638 Images could not be sttiched.
[WARN] 2018-02-19 12:23:58,656 Images could not be sttiched.
[WARN] 2018-02-19 12:23:58,677 Images could not be sttiched.
[WARN] 2018-02-19 12:23:58,698 Images could not be sttiched.
[WARN] 2018-02-19 12:23:58,718 Images could not be sttiched.
[WARN] 2018-02-19 12:23:58,736 Images could not be sttiched.
[WARN] 2018-02-19 12:23:58,762 Images could not be sttiched.
[WARN] 2018-02-19 12:23:58,782 Images could not be sttiched.
[WARN] 2018-02-19 12:23:58,808 Images could not be sttiched.
[WARN] 2018-02-19 12:23:58,830 Images could not be sttiched.
[WARN] 2018-02-19 12:23:58,853 Images could not be sttiched.
[WARN] 2018-02-19 12:23:58,873 Images could not be sttiched.
[WARN] 2018-02-19 12:23:58,895 Images could not be sttiched.
[WARN] 2018-02-19 12:23:58,918 Images could not be sttiched.
[WARN] 2018-02-19 12:23:58,937 Images could not be sttiched.
[WARN] 2018-02-19 12:23:58,963 Images could not be sttiched.
[WARN] 2018-02-19 12:23:58,983 Images could not be sttiched.
[WARN] 2018-02-19 12:23:59,008 Images could not be sttiched.
[WARN] 2018-02-19 12:23:59,030 Images could not be sttiched.
[WARN] 2018-02-19 12:23:59,050 Images could not be sttiched.
[WARN] 2018-02-19 12:23:59,072 Images could not be sttiched.
[WARN] 2018-02-19 12:23:59,094 Images could not be sttiched.
[WARN] 2018-02-19 12:23:59,115 Images could not be sttiched.
[WARN] 2018-02-19 12:23:59,139 Images could not be sttiched.
[WARN] 2018-02-19 12:23:59,164 Images could not be sttiched.
[WARN] 2018-02-19 12:23:59,198 Images could not be sttiched.
[WARN] 2018-02-19 12:23:59,221 Images could not be sttiched.
[WARN] 2018-02-19 12:23:59,244 Images could not be sttiched.
[WARN] 2018-02-19 12:23:59,270 Images could not be sttiched.
[WARN] 2018-02-19 12:23:59,295 Images could not be sttiched.
[WARN] 2018-02-19 12:23:59,319 Images could not be sttiched.
[WARN] 2018-02-19 12:23:59,342 Images could not be sttiched.
[WARN] 2018-02-19 12:23:59,371 Images could not be sttiched.
[WARN] 2018-02-19 12:23:59,398 Images could not be sttiched.
[WARN] 2018-02-19 12:23:59,431 Images could not be sttiched.
[WARN] 2018-02-19 12:23:59,473 Images could not be sttiched.
[WARN] 2018-02-19 12:23:59,503 Images could not be sttiched.
[WARN] 2018-02-19 12:23:59,530 Images could not be sttiched.
[WARN] 2018-02-19 12:23:59,559 Images could not be sttiched.
[WARN] 2018-02-19 12:23:59,595 Images could not be sttiched.
[WARN] 2018-02-19 12:23:59,624 Images could not be sttiched.
[WARN] 2018-02-19 12:23:59,661 Images could not be sttiched.
[WARN] 2018-02-19 12:23:59,696 Images could not be sttiched.
[WARN] 2018-02-19 12:23:59,723 Images could not be sttiched.
[WARN] 2018-02-19 12:23:59,763 Images could not be sttiched.
[WARN] 2018-02-19 12:23:59,800 Images could not be sttiched.
[WARN] 2018-02-19 12:23:59,835 Images could not be sttiched.
[WARN] 2018-02-19 12:23:59,867 Images could not be sttiched.
[WARN] 2018-02-19 12:23:59,905 Images could not be sttiched.
[WARN] 2018-02-19 12:23:59,939 Images could not be sttiched.
[WARN] 2018-02-19 12:23:59,971 Images could not be sttiched.
[WARN] 2018-02-19 12:23:59,998 Images could not be sttiched.
[WARN] 2018-02-19 12:24:00,032 Images could not be sttiched.
[WARN] 2018-02-19 12:24:00,075 Images could not be sttiched.
[WARN] 2018-02-19 12:24:00,105 Images could not be sttiched.
[WARN] 2018-02-19 12:24:00,136 Images could not be sttiched.
[WARN] 2018-02-19 12:24:00,169 Images could not be sttiched.
[WARN] 2018-02-19 12:24:00,200 Images could not be sttiched.
[WARN] 2018-02-19 12:24:00,237 Images could not be sttiched.
[WARN] 2018-02-19 12:24:00,268 Images could not be sttiched.
[WARN] 2018-02-19 12:24:00,303 Images could not be sttiched.
[WARN] 2018-02-19 12:24:00,343 Images could not be sttiched.
[WARN] 2018-02-19 12:24:00,375 Images could not be sttiched.
[WARN] 2018-02-19 12:24:00,406 Images could not be sttiched.
[WARN] 2018-02-19 12:24:00,433 Images could not be sttiched.
[WARN] 2018-02-19 12:24:00,465 Images could not be sttiched.
[WARN] 2018-02-19 12:24:00,498 Images could not be sttiched.
[WARN] 2018-02-19 12:24:00,527 Images could not be sttiched.
[WARN] 2018-02-19 12:24:00,555 Images could not be sttiched.
[WARN] 2018-02-19 12:24:00,586 Images could not be sttiched.
[WARN] 2018-02-19 12:24:00,617 Images could not be sttiched.
[WARN] 2018-02-19 12:24:00,648 Images could not be sttiched.
[WARN] 2018-02-19 12:24:00,676 Images could not be sttiched.
[WARN] 2018-02-19 12:24:00,703 Images could not be sttiched.
[WARN] 2018-02-19 12:24:00,734 Images could not be sttiched.
[WARN] 2018-02-19 12:24:00,769 Images could not be sttiched.
[WARN] 2018-02-19 12:24:00,813 Images could not be sttiched.
[WARN] 2018-02-19 12:24:00,844 Images could not be sttiched.
[WARN] 2018-02-19 12:24:00,894 Images could not be sttiched.
[WARN] 2018-02-19 12:24:00,932 Images could not be sttiched.
[WARN] 2018-02-19 12:24:00,968 Images could not be sttiched.
[WARN] 2018-02-19 12:24:01,003 Images could not be sttiched.
[WARN] 2018-02-19 12:24:01,041 Images could not be sttiched.
[WARN] 2018-02-19 12:24:01,080 Images could not be sttiched.
[WARN] 2018-02-19 12:24:01,114 Images could not be sttiched.
[WARN] 2018-02-19 12:24:01,152 Images could not be sttiched.
[WARN] 2018-02-19 12:24:01,183 Images could not be sttiched.
[WARN] 2018-02-19 12:24:01,217 Images could not be sttiched.
[WARN] 2018-02-19 12:24:01,256 Images could not be sttiched.
[WARN] 2018-02-19 12:24:01,290 Images could not be sttiched.
[WARN] 2018-02-19 12:24:01,322 Images could not be sttiched.
[WARN] 2018-02-19 12:24:01,354 Images could not be sttiched.
[WARN] 2018-02-19 12:24:01,394 Images could not be sttiched.
[WARN] 2018-02-19 12:24:01,425 Images could not be sttiched.
[WARN] 2018-02-19 12:24:01,456 Images could not be sttiched.
[WARN] 2018-02-19 12:24:01,510 Images could not be sttiched.
[WARN] 2018-02-19 12:24:01,560 Images could not be sttiched.
[WARN] 2018-02-19 12:24:01,601 Images could not be sttiched.
[WARN] 2018-02-19 12:24:01,630 Images could not be sttiched.
[WARN] 2018-02-19 12:24:01,673 Images could not be sttiched.
[WARN] 2018-02-19 12:24:01,708 Images could not be sttiched.
[WARN] 2018-02-19 12:24:01,758 Images could not be sttiched.
[WARN] 2018-02-19 12:24:01,792 Images could not be sttiched.
[WARN] 2018-02-19 12:24:01,835 Images could not be sttiched.
[WARN] 2018-02-19 12:24:01,875 Images could not be sttiched.
[WARN] 2018-02-19 12:24:01,909 Images could not be sttiched.
[WARN] 2018-02-19 12:24:01,943 Images could not be sttiched.
[WARN] 2018-02-19 12:24:01,977 Images could not be sttiched.
[WARN] 2018-02-19 12:24:02,012 Images could not be sttiched.
[WARN] 2018-02-19 12:24:02,045 Images could not be sttiched.
[WARN] 2018-02-19 12:24:02,086 Images could not be sttiched.
[WARN] 2018-02-19 12:24:02,119 Images could not be sttiched.
[WARN] 2018-02-19 12:24:02,155 Images could not be sttiched.
[WARN] 2018-02-19 12:24:02,188 Images could not be sttiched.
[WARN] 2018-02-19 12:24:02,217 Images could not be sttiched.
[WARN] 2018-02-19 12:24:02,252 Images could not be sttiched.
[WARN] 2018-02-19 12:24:02,279 Images could not be sttiched.
[WARN] 2018-02-19 12:24:02,312 Images could not be sttiched.
[WARN] 2018-02-19 12:24:02,339 Images could not be sttiched.
[WARN] 2018-02-19 12:24:02,371 Images could not be sttiched.
[WARN] 2018-02-19 12:24:02,404 Images could not be sttiched.
[WARN] 2018-02-19 12:24:02,434 Images could not be sttiched.
[WARN] 2018-02-19 12:24:02,464 Images could not be sttiched.
[WARN] 2018-02-19 12:24:02,492 Images could not be sttiched.
[WARN] 2018-02-19 12:24:02,529 Images could not be sttiched.
[WARN] 2018-02-19 12:24:02,557 Images could not be sttiched.
[WARN] 2018-02-19 12:24:02,586 Images could not be sttiched.
[WARN] 2018-02-19 12:24:02,620 Images could not be sttiched.
[WARN] 2018-02-19 12:24:02,650 Images could not be sttiched.
[WARN] 2018-02-19 12:24:02,685 Images could not be sttiched.
[WARN] 2018-02-19 12:24:02,720 Images could not be sttiched.
[WARN] 2018-02-19 12:24:02,753 Images could not be sttiched.
[WARN] 2018-02-19 12:24:02,787 Images could not be sttiched.
[WARN] 2018-02-19 12:24:02,825 Images could not be sttiched.
[WARN] 2018-02-19 12:24:02,856 Images could not be sttiched.
[WARN] 2018-02-19 12:24:02,887 Images could not be sttiched.
[WARN] 2018-02-19 12:24:02,943 Images could not be sttiched.
[WARN] 2018-02-19 12:24:02,979 Images could not be sttiched.
[WARN] 2018-02-19 12:24:03,016 Images could not be sttiched.
[WARN] 2018-02-19 12:24:03,056 Images could not be sttiched.
[WARN] 2018-02-19 12:24:03,117 Images could not be sttiched.
[WARN] 2018-02-19 12:24:03,156 Images could not be sttiched.
[WARN] 2018-02-19 12:24:03,208 Images could not be sttiched.
[WARN] 2018-02-19 12:24:03,251 Images could not be sttiched.
[WARN] 2018-02-19 12:24:03,305 Images could not be sttiched.
[ERROR] 2018-02-19 12:24:03,413 No image data found to extract
[INFO] 2018-02-19 12:26:15,432 Image Mosaicing starts
[DEBUG] 2018-02-19 12:26:15,432 Working directory switched to one directory back
[WARN] 2018-02-19 12:26:23,729 Images could not be sttiched.
[WARN] 2018-02-19 12:26:23,760 Images could not be sttiched.
[WARN] 2018-02-19 12:26:23,793 Images could not be sttiched.
[WARN] 2018-02-19 12:26:23,817 Images could not be sttiched.
[WARN] 2018-02-19 12:26:23,843 Images could not be sttiched.
[WARN] 2018-02-19 12:26:23,866 Images could not be sttiched.
[WARN] 2018-02-19 12:26:23,896 Images could not be sttiched.
[WARN] 2018-02-19 12:26:23,924 Images could not be sttiched.
[WARN] 2018-02-19 12:26:23,950 Images could not be sttiched.
[WARN] 2018-02-19 12:26:23,983 Images could not be sttiched.
[WARN] 2018-02-19 12:26:24,013 Images could not be sttiched.
[WARN] 2018-02-19 12:26:24,042 Images could not be sttiched.
[WARN] 2018-02-19 12:26:24,067 Images could not be sttiched.
[WARN] 2018-02-19 12:26:24,099 Images could not be sttiched.
[WARN] 2018-02-19 12:26:24,131 Images could not be sttiched.
[WARN] 2018-02-19 12:26:24,161 Images could not be sttiched.
[WARN] 2018-02-19 12:26:24,192 Images could not be sttiched.
[WARN] 2018-02-19 12:26:24,223 Images could not be sttiched.
[WARN] 2018-02-19 12:26:24,249 Images could not be sttiched.
[WARN] 2018-02-19 12:26:24,271 Images could not be sttiched.
[WARN] 2018-02-19 12:26:24,295 Images could not be sttiched.
[WARN] 2018-02-19 12:26:24,316 Images could not be sttiched.
[WARN] 2018-02-19 12:26:24,332 Images could not be sttiched.
[WARN] 2018-02-19 12:26:24,351 Images could not be sttiched.
[WARN] 2018-02-19 12:26:24,365 Images could not be sttiched.
[WARN] 2018-02-19 12:26:24,392 Images could not be sttiched.
[WARN] 2018-02-19 12:26:24,408 Images could not be sttiched.
[WARN] 2018-02-19 12:26:24,427 Images could not be sttiched.
[WARN] 2018-02-19 12:26:24,444 Images could not be sttiched.
[WARN] 2018-02-19 12:26:24,460 Images could not be sttiched.
[WARN] 2018-02-19 12:26:24,474 Images could not be sttiched.
[WARN] 2018-02-19 12:26:24,495 Images could not be sttiched.
[WARN] 2018-02-19 12:26:24,513 Images could not be sttiched.
[WARN] 2018-02-19 12:26:24,529 Images could not be sttiched.
[WARN] 2018-02-19 12:26:24,544 Images could not be sttiched.
[WARN] 2018-02-19 12:26:24,562 Images could not be sttiched.
[WARN] 2018-02-19 12:26:24,585 Images could not be sttiched.
[WARN] 2018-02-19 12:26:24,608 Images could not be sttiched.
[WARN] 2018-02-19 12:26:24,627 Images could not be sttiched.
[WARN] 2018-02-19 12:26:24,646 Images could not be sttiched.
[WARN] 2018-02-19 12:26:24,662 Images could not be sttiched.
[WARN] 2018-02-19 12:26:24,679 Images could not be sttiched.
[WARN] 2018-02-19 12:26:24,695 Images could not be sttiched.
[WARN] 2018-02-19 12:26:24,715 Images could not be sttiched.
[WARN] 2018-02-19 12:26:24,736 Images could not be sttiched.
[WARN] 2018-02-19 12:26:24,753 Images could not be sttiched.
[WARN] 2018-02-19 12:26:24,770 Images could not be sttiched.
[WARN] 2018-02-19 12:26:24,782 Images could not be sttiched.
[WARN] 2018-02-19 12:26:24,801 Images could not be sttiched.
[WARN] 2018-02-19 12:26:24,820 Images could not be sttiched.
[WARN] 2018-02-19 12:26:24,836 Images could not be sttiched.
[WARN] 2018-02-19 12:26:24,853 Images could not be sttiched.
[WARN] 2018-02-19 12:26:24,872 Images could not be sttiched.
[WARN] 2018-02-19 12:26:24,898 Images could not be sttiched.
[WARN] 2018-02-19 12:26:24,919 Images could not be sttiched.
[WARN] 2018-02-19 12:26:24,940 Images could not be sttiched.
[WARN] 2018-02-19 12:26:24,958 Images could not be sttiched.
[WARN] 2018-02-19 12:26:24,978 Images could not be sttiched.
[WARN] 2018-02-19 12:26:25,001 Images could not be sttiched.
[WARN] 2018-02-19 12:26:25,020 Images could not be sttiched.
[WARN] 2018-02-19 12:26:25,037 Images could not be sttiched.
[WARN] 2018-02-19 12:26:25,056 Images could not be sttiched.
[WARN] 2018-02-19 12:26:25,076 Images could not be sttiched.
[WARN] 2018-02-19 12:26:25,099 Images could not be sttiched.
[WARN] 2018-02-19 12:26:25,119 Images could not be sttiched.
[WARN] 2018-02-19 12:26:25,138 Images could not be sttiched.
[WARN] 2018-02-19 12:26:25,156 Images could not be sttiched.
[WARN] 2018-02-19 12:26:25,175 Images could not be sttiched.
[WARN] 2018-02-19 12:26:25,212 Images could not be sttiched.
[WARN] 2018-02-19 12:26:25,235 Images could not be sttiched.
[WARN] 2018-02-19 12:26:25,257 Images could not be sttiched.
[WARN] 2018-02-19 12:26:25,275 Images could not be sttiched.
[WARN] 2018-02-19 12:26:25,293 Images could not be sttiched.
[WARN] 2018-02-19 12:26:25,316 Images could not be sttiched.
[WARN] 2018-02-19 12:26:25,335 Images could not be sttiched.
[WARN] 2018-02-19 12:26:25,354 Images could not be sttiched.
[WARN] 2018-02-19 12:26:25,375 Images could not be sttiched.
[WARN] 2018-02-19 12:26:25,402 Images could not be sttiched.
[WARN] 2018-02-19 12:26:25,426 Images could not be sttiched.
[WARN] 2018-02-19 12:26:25,449 Images could not be sttiched.
[WARN] 2018-02-19 12:26:25,471 Images could not be sttiched.
[WARN] 2018-02-19 12:26:25,495 Images could not be sttiched.
[WARN] 2018-02-19 12:26:25,519 Images could not be sttiched.
[WARN] 2018-02-19 12:26:25,540 Images could not be sttiched.
[WARN] 2018-02-19 12:26:25,562 Images could not be sttiched.
[WARN] 2018-02-19 12:26:25,582 Images could not be sttiched.
[WARN] 2018-02-19 12:26:25,604 Images could not be sttiched.
[WARN] 2018-02-19 12:26:25,627 Images could not be sttiched.
[WARN] 2018-02-19 12:26:25,649 Images could not be sttiched.
[WARN] 2018-02-19 12:26:25,671 Images could not be sttiched.
[WARN] 2018-02-19 12:26:25,695 Images could not be sttiched.
[WARN] 2018-02-19 12:26:25,724 Images could not be sttiched.
[WARN] 2018-02-19 12:26:25,749 Images could not be sttiched.
[WARN] 2018-02-19 12:26:25,773 Images could not be sttiched.
[WARN] 2018-02-19 12:26:25,798 Images could not be sttiched.
[WARN] 2018-02-19 12:26:25,820 Images could not be sttiched.
[WARN] 2018-02-19 12:26:25,845 Images could not be sttiched.
[WARN] 2018-02-19 12:26:25,870 Images could not be sttiched.
[WARN] 2018-02-19 12:26:25,895 Images could not be sttiched.
[WARN] 2018-02-19 12:26:25,923 Images could not be sttiched.
[WARN] 2018-02-19 12:26:25,945 Images could not be sttiched.
[WARN] 2018-02-19 12:26:25,976 Images could not be sttiched.
[WARN] 2018-02-19 12:26:26,002 Images could not be sttiched.
[WARN] 2018-02-19 12:26:26,030 Images could not be sttiched.
[WARN] 2018-02-19 12:26:26,060 Images could not be sttiched.
[WARN] 2018-02-19 12:26:26,089 Images could not be sttiched.
[WARN] 2018-02-19 12:26:26,114 Images could not be sttiched.
[WARN] 2018-02-19 12:26:26,147 Images could not be sttiched.
[WARN] 2018-02-19 12:26:26,174 Images could not be sttiched.
[WARN] 2018-02-19 12:26:26,206 Images could not be sttiched.
[WARN] 2018-02-19 12:26:26,236 Images could not be sttiched.
[WARN] 2018-02-19 12:26:26,261 Images could not be sttiched.
[WARN] 2018-02-19 12:26:26,289 Images could not be sttiched.
[WARN] 2018-02-19 12:26:26,316 Images could not be sttiched.
[WARN] 2018-02-19 12:26:26,345 Images could not be sttiched.
[WARN] 2018-02-19 12:26:26,368 Images could not be sttiched.
[WARN] 2018-02-19 12:26:26,396 Images could not be sttiched.
[WARN] 2018-02-19 12:26:26,428 Images could not be sttiched.
[WARN] 2018-02-19 12:26:26,458 Images could not be sttiched.
[WARN] 2018-02-19 12:26:26,490 Images could not be sttiched.
[WARN] 2018-02-19 12:26:26,523 Images could not be sttiched.
[WARN] 2018-02-19 12:26:26,555 Images could not be sttiched.
[WARN] 2018-02-19 12:26:26,582 Images could not be sttiched.
[WARN] 2018-02-19 12:26:26,611 Images could not be sttiched.
[WARN] 2018-02-19 12:26:26,640 Images could not be sttiched.
[WARN] 2018-02-19 12:26:26,675 Images could not be sttiched.
[WARN] 2018-02-19 12:26:26,708 Images could not be sttiched.
[WARN] 2018-02-19 12:26:26,738 Images could not be sttiched.
[WARN] 2018-02-19 12:26:26,776 Images could not be sttiched.
[WARN] 2018-02-19 12:26:26,815 Images could not be sttiched.
[WARN] 2018-02-19 12:26:26,852 Images could not be sttiched.
[WARN] 2018-02-19 12:26:26,884 Images could not be sttiched.
[WARN] 2018-02-19 12:26:26,921 Images could not be sttiched.
[WARN] 2018-02-19 12:26:26,960 Images could not be sttiched.
[WARN] 2018-02-19 12:26:26,990 Images could not be sttiched.
[WARN] 2018-02-19 12:26:27,023 Images could not be sttiched.
[WARN] 2018-02-19 12:26:27,050 Images could not be sttiched.
[WARN] 2018-02-19 12:26:27,077 Images could not be sttiched.
[WARN] 2018-02-19 12:26:27,110 Images could not be sttiched.
[WARN] 2018-02-19 12:26:27,149 Images could not be sttiched.
[WARN] 2018-02-19 12:26:27,180 Images could not be sttiched.
[WARN] 2018-02-19 12:26:27,213 Images could not be sttiched.
[WARN] 2018-02-19 12:26:27,245 Images could not be sttiched.
[WARN] 2018-02-19 12:26:27,278 Images could not be sttiched.
[WARN] 2018-02-19 12:26:27,311 Images could not be sttiched.
[WARN] 2018-02-19 12:26:27,351 Images could not be sttiched.
[WARN] 2018-02-19 12:26:27,383 Images could not be sttiched.
[WARN] 2018-02-19 12:26:27,417 Images could not be sttiched.
[WARN] 2018-02-19 12:26:27,449 Images could not be sttiched.
[WARN] 2018-02-19 12:26:27,486 Images could not be sttiched.
[WARN] 2018-02-19 12:26:27,522 Images could not be sttiched.
[WARN] 2018-02-19 12:26:27,557 Images could not be sttiched.
[WARN] 2018-02-19 12:26:27,589 Images could not be sttiched.
[INFO] 2018-02-19 12:26:44,850 Image Mosaicing starts
[DEBUG] 2018-02-19 12:26:44,850 Working directory switched to one directory back
[WARN] 2018-02-19 12:26:46,845 Images could not be sttiched.
[WARN] 2018-02-19 12:26:46,875 Images could not be sttiched.
[WARN] 2018-02-19 12:26:46,903 Images could not be sttiched.
[WARN] 2018-02-19 12:26:46,930 Images could not be sttiched.
[WARN] 2018-02-19 12:26:46,964 Images could not be sttiched.
[WARN] 2018-02-19 12:26:46,990 Images could not be sttiched.
[WARN] 2018-02-19 12:26:47,023 Images could not be sttiched.
[WARN] 2018-02-19 12:26:47,054 Images could not be sttiched.
[WARN] 2018-02-19 12:26:47,082 Images could not be sttiched.
[WARN] 2018-02-19 12:26:47,111 Images could not be sttiched.
[WARN] 2018-02-19 12:26:47,141 Images could not be sttiched.
[WARN] 2018-02-19 12:26:47,172 Images could not be sttiched.
[WARN] 2018-02-19 12:26:47,200 Images could not be sttiched.
[WARN] 2018-02-19 12:26:47,231 Images could not be sttiched.
[WARN] 2018-02-19 12:26:47,267 Images could not be sttiched.
[WARN] 2018-02-19 12:26:47,299 Images could not be sttiched.
[WARN] 2018-02-19 12:26:47,329 Images could not be sttiched.
[WARN] 2018-02-19 12:26:47,360 Images could not be sttiched.
[WARN] 2018-02-19 12:26:47,389 Images could not be sttiched.
[WARN] 2018-02-19 12:26:47,420 Images could not be sttiched.
[WARN] 2018-02-19 12:26:47,449 Images could not be sttiched.
[WARN] 2018-02-19 12:26:47,474 Images could not be sttiched.
[WARN] 2018-02-19 12:26:47,499 Images could not be sttiched.
[WARN] 2018-02-19 12:26:47,525 Images could not be sttiched.
[WARN] 2018-02-19 12:26:47,542 Images could not be sttiched.
[WARN] 2018-02-19 12:26:47,582 Images could not be sttiched.
[WARN] 2018-02-19 12:26:47,603 Images could not be sttiched.
[WARN] 2018-02-19 12:26:47,628 Images could not be sttiched.
[WARN] 2018-02-19 12:26:47,652 Images could not be sttiched.
[WARN] 2018-02-19 12:26:47,678 Images could not be sttiched.
[WARN] 2018-02-19 12:26:47,695 Images could not be sttiched.
[WARN] 2018-02-19 12:26:47,712 Images could not be sttiched.
[WARN] 2018-02-19 12:26:47,732 Images could not be sttiched.
[WARN] 2018-02-19 12:26:47,761 Images could not be sttiched.
[WARN] 2018-02-19 12:26:47,779 Images could not be sttiched.
[WARN] 2018-02-19 12:26:47,801 Images could not be sttiched.
[WARN] 2018-02-19 12:26:47,822 Images could not be sttiched.
[WARN] 2018-02-19 12:26:47,846 Images could not be sttiched.
[WARN] 2018-02-19 12:26:47,866 Images could not be sttiched.
[WARN] 2018-02-19 12:26:47,888 Images could not be sttiched.
[WARN] 2018-02-19 12:26:47,907 Images could not be sttiched.
[WARN] 2018-02-19 12:26:47,926 Images could not be sttiched.
[WARN] 2018-02-19 12:26:47,948 Images could not be sttiched.
[WARN] 2018-02-19 12:26:47,975 Images could not be sttiched.
[WARN] 2018-02-19 12:26:48,003 Images could not be sttiched.
[WARN] 2018-02-19 12:26:48,034 Images could not be sttiched.
[WARN] 2018-02-19 12:26:48,071 Images could not be sttiched.
[WARN] 2018-02-19 12:26:48,090 Images could not be sttiched.
[WARN] 2018-02-19 12:26:48,120 Images could not be sttiched.
[WARN] 2018-02-19 12:26:48,148 Images could not be sttiched.
[WARN] 2018-02-19 12:26:48,172 Images could not be sttiched.
[WARN] 2018-02-19 12:26:48,197 Images could not be sttiched.
[WARN] 2018-02-19 12:26:48,232 Images could not be sttiched.
[WARN] 2018-02-19 12:26:48,258 Images could not be sttiched.
[WARN] 2018-02-19 12:26:48,295 Images could not be sttiched.
[WARN] 2018-02-19 12:26:48,325 Images could not be sttiched.
[WARN] 2018-02-19 12:26:48,357 Images could not be sttiched.
[WARN] 2018-02-19 12:26:48,389 Images could not be sttiched.
[WARN] 2018-02-19 12:26:48,422 Images could not be sttiched.
[WARN] 2018-02-19 12:26:48,449 Images could not be sttiched.
[WARN] 2018-02-19 12:26:48,481 Images could not be sttiched.
[WARN] 2018-02-19 12:26:48,510 Images could not be sttiched.
[WARN] 2018-02-19 12:26:48,540 Images could not be sttiched.
[WARN] 2018-02-19 12:26:48,568 Images could not be sttiched.
[WARN] 2018-02-19 12:26:48,594 Images could not be sttiched.
[WARN] 2018-02-19 12:26:48,622 Images could not be sttiched.
[WARN] 2018-02-19 12:26:48,656 Images could not be sttiched.
[WARN] 2018-02-19 12:26:48,679 Images could not be sttiched.
[WARN] 2018-02-19 12:26:48,726 Images could not be sttiched.
[WARN] 2018-02-19 12:26:48,763 Images could not be sttiched.
[WARN] 2018-02-19 12:26:48,798 Images could not be sttiched.
[WARN] 2018-02-19 12:26:48,829 Images could not be sttiched.
[WARN] 2018-02-19 12:26:48,857 Images could not be sttiched.
[WARN] 2018-02-19 12:26:48,888 Images could not be sttiched.
[WARN] 2018-02-19 12:26:48,918 Images could not be sttiched.
[WARN] 2018-02-19 12:26:48,948 Images could not be sttiched.
[WARN] 2018-02-19 12:26:48,980 Images could not be sttiched.
[WARN] 2018-02-19 12:26:49,016 Images could not be sttiched.
[WARN] 2018-02-19 12:26:49,048 Images could not be sttiched.
[WARN] 2018-02-19 12:26:49,084 Images could not be sttiched.
[WARN] 2018-02-19 12:26:49,119 Images could not be sttiched.
[WARN] 2018-02-19 12:26:49,151 Images could not be sttiched.
[WARN] 2018-02-19 12:26:49,188 Images could not be sttiched.
[WARN] 2018-02-19 12:26:49,218 Images could not be sttiched.
[WARN] 2018-02-19 12:26:49,250 Images could not be sttiched.
[WARN] 2018-02-19 12:26:49,279 Images could not be sttiched.
[WARN] 2018-02-19 12:26:49,308 Images could not be sttiched.
[WARN] 2018-02-19 12:26:49,341 Images could not be sttiched.
[WARN] 2018-02-19 12:26:49,378 Images could not be sttiched.
[WARN] 2018-02-19 12:26:49,409 Images could not be sttiched.
[WARN] 2018-02-19 12:26:49,442 Images could not be sttiched.
[WARN] 2018-02-19 12:26:49,477 Images could not be sttiched.
[WARN] 2018-02-19 12:26:49,517 Images could not be sttiched.
[WARN] 2018-02-19 12:26:49,551 Images could not be sttiched.
[WARN] 2018-02-19 12:26:49,591 Images could not be sttiched.
[WARN] 2018-02-19 12:26:49,623 Images could not be sttiched.
[WARN] 2018-02-19 12:26:49,666 Images could not be sttiched.
[WARN] 2018-02-19 12:26:49,700 Images could not be sttiched.
[WARN] 2018-02-19 12:26:49,732 Images could not be sttiched.
[WARN] 2018-02-19 12:26:49,779 Images could not be sttiched.
[WARN] 2018-02-19 12:26:49,816 Images could not be sttiched.
[WARN] 2018-02-19 12:26:49,855 Images could not be sttiched.
[WARN] 2018-02-19 12:26:49,892 Images could not be sttiched.
[WARN] 2018-02-19 12:26:49,931 Images could not be sttiched.
[WARN] 2018-02-19 12:26:49,978 Images could not be sttiched.
[WARN] 2018-02-19 12:26:50,020 Images could not be sttiched.
[WARN] 2018-02-19 12:26:50,058 Images could not be sttiched.
[WARN] 2018-02-19 12:26:50,104 Images could not be sttiched.
[WARN] 2018-02-19 12:26:50,144 Images could not be sttiched.
[WARN] 2018-02-19 12:26:50,198 Images could not be sttiched.
[WARN] 2018-02-19 12:26:50,236 Images could not be sttiched.
[WARN] 2018-02-19 12:26:50,276 Images could not be sttiched.
[WARN] 2018-02-19 12:26:50,319 Images could not be sttiched.
[WARN] 2018-02-19 12:26:50,359 Images could not be sttiched.
[WARN] 2018-02-19 12:26:50,397 Images could not be sttiched.
[WARN] 2018-02-19 12:26:50,437 Images could not be sttiched.
[WARN] 2018-02-19 12:26:50,480 Images could not be sttiched.
[WARN] 2018-02-19 12:26:50,520 Images could not be sttiched.
[WARN] 2018-02-19 12:26:50,557 Images could not be sttiched.
[WARN] 2018-02-19 12:26:50,604 Images could not be sttiched.
[WARN] 2018-02-19 12:26:50,645 Images could not be sttiched.
[WARN] 2018-02-19 12:26:50,698 Images could not be sttiched.
[WARN] 2018-02-19 12:26:50,740 Images could not be sttiched.
[WARN] 2018-02-19 12:26:50,791 Images could not be sttiched.
[WARN] 2018-02-19 12:26:50,834 Images could not be sttiched.
[WARN] 2018-02-19 12:26:50,890 Images could not be sttiched.
[WARN] 2018-02-19 12:26:50,936 Images could not be sttiched.
[WARN] 2018-02-19 12:26:50,987 Images could not be sttiched.
[WARN] 2018-02-19 12:26:51,042 Images could not be sttiched.
[WARN] 2018-02-19 12:26:51,102 Images could not be sttiched.
[WARN] 2018-02-19 12:26:51,159 Images could not be sttiched.
[WARN] 2018-02-19 12:26:51,215 Images could not be sttiched.
[WARN] 2018-02-19 12:26:51,274 Images could not be sttiched.
[WARN] 2018-02-19 12:26:51,331 Images could not be sttiched.
[WARN] 2018-02-19 12:26:51,379 Images could not be sttiched.
[WARN] 2018-02-19 12:26:51,426 Images could not be sttiched.
[WARN] 2018-02-19 12:26:51,466 Images could not be sttiched.
[WARN] 2018-02-19 12:26:51,517 Images could not be sttiched.
[WARN] 2018-02-19 12:26:51,562 Images could not be sttiched.
[WARN] 2018-02-19 12:26:51,619 Images could not be sttiched.
[WARN] 2018-02-19 12:26:51,668 Images could not be sttiched.
[WARN] 2018-02-19 12:26:51,729 Images could not be sttiched.
[WARN] 2018-02-19 12:26:51,775 Images could not be sttiched.
[WARN] 2018-02-19 12:26:51,828 Images could not be sttiched.
[WARN] 2018-02-19 12:26:51,882 Images could not be sttiched.
[WARN] 2018-02-19 12:26:51,942 Images could not be sttiched.
[WARN] 2018-02-19 12:26:51,985 Images could not be sttiched.
[WARN] 2018-02-19 12:26:52,023 Images could not be sttiched.
[WARN] 2018-02-19 12:26:52,049 Images could not be sttiched.
[WARN] 2018-02-19 12:26:52,073 Images could not be sttiched.
[WARN] 2018-02-19 12:26:52,103 Images could not be sttiched.
[WARN] 2018-02-19 12:26:52,130 Images could not be sttiched.
[WARN] 2018-02-19 12:26:52,157 Images could not be sttiched.
[INFO] 2018-02-19 12:27:22,547 Image Mosaicing starts
[DEBUG] 2018-02-19 12:27:22,547 Working directory switched to one directory back
[WARN] 2018-02-19 12:27:23,759 Images could not be sttiched.
[WARN] 2018-02-19 12:27:24,870 Images could not be sttiched.
[WARN] 2018-02-19 12:27:25,902 Images could not be sttiched.
[WARN] 2018-02-19 12:27:26,850 Images could not be sttiched.
[WARN] 2018-02-19 12:27:27,797 Images could not be sttiched.
[WARN] 2018-02-19 12:27:28,770 Images could not be sttiched.
[WARN] 2018-02-19 12:27:29,779 Images could not be sttiched.
[WARN] 2018-02-19 12:27:30,822 Images could not be sttiched.
[WARN] 2018-02-19 12:27:31,867 Images could not be sttiched.
[WARN] 2018-02-19 12:27:32,903 Images could not be sttiched.
[WARN] 2018-02-19 12:27:33,924 Images could not be sttiched.
[WARN] 2018-02-19 12:27:34,909 Images could not be sttiched.
[WARN] 2018-02-19 12:27:35,864 Images could not be sttiched.
[WARN] 2018-02-19 12:27:37,466 Images could not be sttiched.
[WARN] 2018-02-19 12:27:38,644 Images could not be sttiched.
[WARN] 2018-02-19 12:27:39,857 Images could not be sttiched.
[WARN] 2018-02-19 12:27:40,623 Images could not be sttiched.
[WARN] 2018-02-19 12:27:41,351 Images could not be sttiched.
[WARN] 2018-02-19 12:27:42,098 Images could not be sttiched.
[WARN] 2018-02-19 12:27:42,824 Images could not be sttiched.
[WARN] 2018-02-19 12:27:43,679 Images could not be sttiched.
[WARN] 2018-02-19 12:27:44,479 Images could not be sttiched.
[WARN] 2018-02-19 12:27:45,157 Images could not be sttiched.
[WARN] 2018-02-19 12:27:45,740 Images could not be sttiched.
[WARN] 2018-02-19 12:27:46,375 Images could not be sttiched.
[WARN] 2018-02-19 12:27:46,920 Images could not be sttiched.
[WARN] 2018-02-19 12:27:47,545 Images could not be sttiched.
[WARN] 2018-02-19 12:27:48,115 Images could not be sttiched.
[WARN] 2018-02-19 12:27:48,762 Images could not be sttiched.
[WARN] 2018-02-19 12:27:49,447 Images could not be sttiched.
[WARN] 2018-02-19 12:27:50,113 Images could not be sttiched.
[WARN] 2018-02-19 12:27:50,868 Images could not be sttiched.
[WARN] 2018-02-19 12:27:51,438 Images could not be sttiched.
[WARN] 2018-02-19 12:27:51,974 Images could not be sttiched.
[WARN] 2018-02-19 12:27:52,677 Images could not be sttiched.
[WARN] 2018-02-19 12:27:53,230 Images could not be sttiched.
[WARN] 2018-02-19 12:27:53,914 Images could not be sttiched.
[WARN] 2018-02-19 12:27:54,598 Images could not be sttiched.
[WARN] 2018-02-19 12:27:55,108 Images could not be sttiched.
[WARN] 2018-02-19 12:27:55,611 Images could not be sttiched.
[WARN] 2018-02-19 12:27:56,300 Images could not be sttiched.
[INFO] 2018-02-19 12:35:47,573 Image Mosaicing starts
[DEBUG] 2018-02-19 12:35:47,573 Working directory switched to one directory back
[WARN] 2018-02-19 12:35:48,862 Images could not be sttiched.
[WARN] 2018-02-19 12:35:49,988 Images could not be sttiched.
[WARN] 2018-02-19 12:35:51,019 Images could not be sttiched.
[WARN] 2018-02-19 12:35:51,962 Images could not be sttiched.
[WARN] 2018-02-19 12:35:52,908 Images could not be sttiched.
[WARN] 2018-02-19 12:35:53,882 Images could not be sttiched.
[WARN] 2018-02-19 12:35:54,848 Images could not be sttiched.
[WARN] 2018-02-19 12:35:55,868 Images could not be sttiched.
[WARN] 2018-02-19 12:35:56,928 Images could not be sttiched.
[INFO] 2018-02-19 12:37:31,289 Image Mosaicing starts
[DEBUG] 2018-02-19 12:37:31,289 Working directory switched to one directory back
[WARN] 2018-02-19 12:37:32,533 Images could not be sttiched.
[WARN] 2018-02-19 12:37:33,660 Images could not be sttiched.
[WARN] 2018-02-19 12:37:34,735 Images could not be sttiched.
[WARN] 2018-02-19 12:37:35,708 Images could not be sttiched.
[WARN] 2018-02-19 12:37:36,695 Images could not be sttiched.
[WARN] 2018-02-19 12:37:37,710 Images could not be sttiched.
[WARN] 2018-02-19 12:37:38,711 Images could not be sttiched.
[WARN] 2018-02-19 12:37:39,761 Images could not be sttiched.
[WARN] 2018-02-19 12:37:40,831 Images could not be sttiched.
[WARN] 2018-02-19 12:37:41,892 Images could not be sttiched.
[WARN] 2018-02-19 12:37:42,937 Images could not be sttiched.
[WARN] 2018-02-19 12:37:43,964 Images could not be sttiched.
[WARN] 2018-02-19 12:37:44,950 Images could not be sttiched.
[WARN] 2018-02-19 12:37:46,004 Images could not be sttiched.
[WARN] 2018-02-19 12:37:46,783 Images could not be sttiched.
[WARN] 2018-02-19 12:37:47,596 Images could not be sttiched.
[WARN] 2018-02-19 12:37:48,405 Images could not be sttiched.
[WARN] 2018-02-19 12:37:49,266 Images could not be sttiched.
[WARN] 2018-02-19 12:37:50,046 Images could not be sttiched.
[WARN] 2018-02-19 12:37:50,802 Images could not be sttiched.
[WARN] 2018-02-19 12:37:51,623 Images could not be sttiched.
[WARN] 2018-02-19 12:37:52,457 Images could not be sttiched.
[WARN] 2018-02-19 12:37:53,193 Images could not be sttiched.
[WARN] 2018-02-19 12:37:53,824 Images could not be sttiched.
[WARN] 2018-02-19 12:37:54,524 Images could not be sttiched.
[WARN] 2018-02-19 12:37:55,118 Images could not be sttiched.
[WARN] 2018-02-19 12:37:55,798 Images could not be sttiched.
[WARN] 2018-02-19 12:37:56,406 Images could not be sttiched.
[WARN] 2018-02-19 12:37:57,128 Images could not be sttiched.
[WARN] 2018-02-19 12:37:57,844 Images could not be sttiched.
[WARN] 2018-02-19 12:37:58,545 Images could not be sttiched.
[WARN] 2018-02-19 12:37:59,369 Images could not be sttiched.
[WARN] 2018-02-19 12:37:59,984 Images could not be sttiched.
[WARN] 2018-02-19 12:38:00,555 Images could not be sttiched.
[WARN] 2018-02-19 12:38:01,674 Images could not be sttiched.
[WARN] 2018-02-19 12:38:02,562 Images could not be sttiched.
[WARN] 2018-02-19 12:38:03,724 Images could not be sttiched.
[WARN] 2018-02-19 12:38:04,729 Images could not be sttiched.
[WARN] 2018-02-19 12:38:05,218 Images could not be sttiched.
[WARN] 2018-02-19 12:38:05,718 Images could not be sttiched.
[WARN] 2018-02-19 12:38:06,298 Images could not be sttiched.
[WARN] 2018-02-19 12:38:06,813 Images could not be sttiched.
[WARN] 2018-02-19 12:38:07,305 Images could not be sttiched.
[WARN] 2018-02-19 12:38:07,848 Images could not be sttiched.
[WARN] 2018-02-19 12:38:08,426 Images could not be sttiched.
[WARN] 2018-02-19 12:38:09,000 Images could not be sttiched.
[WARN] 2018-02-19 12:38:09,547 Images could not be sttiched.
[WARN] 2018-02-19 12:38:10,137 Images could not be sttiched.
[WARN] 2018-02-19 12:38:10,528 Images could not be sttiched.
[WARN] 2018-02-19 12:38:11,040 Images could not be sttiched.
[WARN] 2018-02-19 12:38:11,505 Images could not be sttiched.
[WARN] 2018-02-19 12:38:11,988 Images could not be sttiched.
[WARN] 2018-02-19 12:38:12,461 Images could not be sttiched.
[WARN] 2018-02-19 12:38:12,904 Images could not be sttiched.
[WARN] 2018-02-19 12:38:13,416 Images could not be sttiched.
[WARN] 2018-02-19 12:38:13,924 Images could not be sttiched.
[WARN] 2018-02-19 12:38:14,464 Images could not be sttiched.
[WARN] 2018-02-19 12:38:14,999 Images could not be sttiched.
[WARN] 2018-02-19 12:38:15,537 Images could not be sttiched.
[WARN] 2018-02-19 12:38:16,070 Images could not be sttiched.
[WARN] 2018-02-19 12:38:16,625 Images could not be sttiched.
[WARN] 2018-02-19 12:38:17,190 Images could not be sttiched.
[WARN] 2018-02-19 12:38:17,789 Images could not be sttiched.
[WARN] 2018-02-19 12:38:18,353 Images could not be sttiched.
[WARN] 2018-02-19 12:38:18,935 Images could not be sttiched.
[WARN] 2018-02-19 12:38:19,418 Images could not be sttiched.
[WARN] 2018-02-19 12:38:19,951 Images could not be sttiched.
[WARN] 2018-02-19 12:38:20,529 Images could not be sttiched.
[WARN] 2018-02-19 12:38:21,079 Images could not be sttiched.
[WARN] 2018-02-19 12:38:21,615 Images could not be sttiched.
[WARN] 2018-02-19 12:38:22,195 Images could not be sttiched.
[WARN] 2018-02-19 12:38:22,798 Images could not be sttiched.
[WARN] 2018-02-19 12:38:23,373 Images could not be sttiched.
[WARN] 2018-02-19 12:38:23,970 Images could not be sttiched.
[WARN] 2018-02-19 12:38:24,622 Images could not be sttiched.
[WARN] 2018-02-19 12:38:25,215 Images could not be sttiched.
[WARN] 2018-02-19 12:38:25,823 Images could not be sttiched.
[WARN] 2018-02-19 12:38:26,398 Images could not be sttiched.
[WARN] 2018-02-19 12:38:27,038 Images could not be sttiched.
[WARN] 2018-02-19 12:38:27,588 Images could not be sttiched.
[WARN] 2018-02-19 12:38:28,151 Images could not be sttiched.
[WARN] 2018-02-19 12:38:28,730 Images could not be sttiched.
[WARN] 2018-02-19 12:38:29,284 Images could not be sttiched.
[WARN] 2018-02-19 12:38:29,869 Images could not be sttiched.
[WARN] 2018-02-19 12:38:30,471 Images could not be sttiched.
[WARN] 2018-02-19 12:38:31,077 Images could not be sttiched.
[WARN] 2018-02-19 12:38:31,658 Images could not be sttiched.
[WARN] 2018-02-19 12:38:32,245 Images could not be sttiched.
[WARN] 2018-02-19 12:38:32,849 Images could not be sttiched.
[WARN] 2018-02-19 12:38:33,479 Images could not be sttiched.
[WARN] 2018-02-19 12:38:34,160 Images could not be sttiched.
[WARN] 2018-02-19 12:38:34,871 Images could not be sttiched.
[WARN] 2018-02-19 12:38:35,622 Images could not be sttiched.
[WARN] 2018-02-19 12:38:36,362 Images could not be sttiched.
[WARN] 2018-02-19 12:38:37,095 Images could not be sttiched.
[WARN] 2018-02-19 12:38:37,784 Images could not be sttiched.
[WARN] 2018-02-19 12:38:38,571 Images could not be sttiched.
[WARN] 2018-02-19 12:38:39,277 Images could not be sttiched.
[WARN] 2018-02-19 12:38:40,020 Images could not be sttiched.
[WARN] 2018-02-19 12:38:40,696 Images could not be sttiched.
[WARN] 2018-02-19 12:38:41,386 Images could not be sttiched.
[WARN] 2018-02-19 12:38:42,035 Images could not be sttiched.
[WARN] 2018-02-19 12:38:42,824 Images could not be sttiched.
[INFO] 2018-02-19 12:42:10,939 Image Mosaicing starts
[DEBUG] 2018-02-19 12:42:10,939 Working directory switched to one directory back
[WARN] 2018-02-19 12:42:12,766 Images could not be sttiched.
[WARN] 2018-02-19 12:42:13,972 Images could not be sttiched.
[WARN] 2018-02-19 12:42:15,147 Images could not be sttiched.
[WARN] 2018-02-19 12:42:16,213 Images could not be sttiched.
[WARN] 2018-02-19 12:42:17,282 Images could not be sttiched.
[WARN] 2018-02-19 12:42:18,386 Images could not be sttiched.
[WARN] 2018-02-19 12:42:19,483 Images could not be sttiched.
[WARN] 2018-02-19 12:42:20,642 Images could not be sttiched.
[WARN] 2018-02-19 12:42:21,936 Images could not be sttiched.
[WARN] 2018-02-19 12:42:23,156 Images could not be sttiched.
[WARN] 2018-02-19 12:42:24,328 Images could not be sttiched.
[WARN] 2018-02-19 12:42:25,441 Images could not be sttiched.
[WARN] 2018-02-19 12:42:26,518 Images could not be sttiched.
[WARN] 2018-02-19 12:42:27,685 Images could not be sttiched.
[WARN] 2018-02-19 12:42:28,569 Images could not be sttiched.
[WARN] 2018-02-19 12:42:29,475 Images could not be sttiched.
[WARN] 2018-02-19 12:42:30,333 Images could not be sttiched.
[WARN] 2018-02-19 12:42:31,307 Images could not be sttiched.
[WARN] 2018-02-19 12:42:32,185 Images could not be sttiched.
[WARN] 2018-02-19 12:42:33,100 Images could not be sttiched.
[WARN] 2018-02-19 12:42:33,979 Images could not be sttiched.
[WARN] 2018-02-19 12:42:34,836 Images could not be sttiched.
[WARN] 2018-02-19 12:42:35,636 Images could not be sttiched.
[WARN] 2018-02-19 12:42:36,343 Images could not be sttiched.
[WARN] 2018-02-19 12:42:37,107 Images could not be sttiched.
[WARN] 2018-02-19 12:42:37,781 Images could not be sttiched.
[WARN] 2018-02-19 12:42:38,542 Images could not be sttiched.
[WARN] 2018-02-19 12:42:39,232 Images could not be sttiched.
[WARN] 2018-02-19 12:42:39,987 Images could not be sttiched.
[WARN] 2018-02-19 12:42:40,871 Images could not be sttiched.
[WARN] 2018-02-19 12:42:41,864 Images could not be sttiched.
[INFO] 2018-02-19 12:50:13,528 Image Mosaicing starts
[DEBUG] 2018-02-19 12:50:13,529 Working directory switched to one directory back
[WARN] 2018-02-19 12:50:14,472 Images could not be sttiched.
[WARN] 2018-02-19 12:50:15,041 Images could not be sttiched.
[WARN] 2018-02-19 12:50:15,703 Images could not be sttiched.
[WARN] 2018-02-19 12:50:16,371 Images could not be sttiched.
[WARN] 2018-02-19 12:50:17,216 Images could not be sttiched.
[WARN] 2018-02-19 12:50:18,186 Images could not be sttiched.
[WARN] 2018-02-19 12:50:19,260 Images could not be sttiched.
[WARN] 2018-02-19 12:50:20,452 Images could not be sttiched.
[WARN] 2018-02-19 12:50:21,417 Images could not be sttiched.
[WARN] 2018-02-19 12:50:22,232 Images could not be sttiched.
[ERROR] 2018-02-19 12:50:22,343 No image data found to extract
[INFO] 2018-02-19 12:55:05,799 Image Mosaicing starts
[DEBUG] 2018-02-19 12:55:05,799 Working directory switched to one directory back
[WARN] 2018-02-19 12:55:06,866 Images could not be sttiched.
[WARN] 2018-02-19 12:55:07,472 Images could not be sttiched.
[WARN] 2018-02-19 12:55:08,142 Images could not be sttiched.
[WARN] 2018-02-19 12:55:08,795 Images could not be sttiched.
[WARN] 2018-02-19 12:55:09,664 Images could not be sttiched.
[WARN] 2018-02-19 12:55:10,636 Images could not be sttiched.
[WARN] 2018-02-19 12:55:11,747 Images could not be sttiched.
[WARN] 2018-02-19 12:55:13,032 Images could not be sttiched.
[WARN] 2018-02-19 12:55:14,125 Images could not be sttiched.
[WARN] 2018-02-19 12:55:14,996 Images could not be sttiched.
[ERROR] 2018-02-19 12:55:15,138 No image data found to extract
[INFO] 2018-02-19 12:56:02,350 Image Mosaicing starts
[DEBUG] 2018-02-19 12:56:02,350 Working directory switched to one directory back
[WARN] 2018-02-19 12:56:03,455 Images could not be sttiched.
[WARN] 2018-02-19 12:56:04,094 Images could not be sttiched.
[WARN] 2018-02-19 12:56:04,780 Images could not be sttiched.
[WARN] 2018-02-19 12:56:05,447 Images could not be sttiched.
[WARN] 2018-02-19 12:56:06,332 Images could not be sttiched.
[WARN] 2018-02-19 12:56:07,334 Images could not be sttiched.
[WARN] 2018-02-19 12:56:08,439 Images could not be sttiched.
[INFO] 2018-02-19 12:56:58,256 Image Mosaicing starts
[DEBUG] 2018-02-19 12:56:58,256 Working directory switched to one directory back
[WARN] 2018-02-19 12:56:59,218 Images could not be sttiched.
[WARN] 2018-02-19 12:56:59,918 Images could not be sttiched.
[WARN] 2018-02-19 12:57:00,777 Images could not be sttiched.
[WARN] 2018-02-19 12:57:01,700 Images could not be sttiched.
[INFO] 2018-02-19 12:59:59,309 Image Mosaicing starts
[DEBUG] 2018-02-19 12:59:59,310 Working directory switched to one directory back
[WARN] 2018-02-19 13:00:00,047 Images could not be sttiched.
[WARN] 2018-02-19 13:00:00,859 Images could not be sttiched.
[WARN] 2018-02-19 13:00:01,956 Images could not be sttiched.
[WARN] 2018-02-19 13:00:02,915 Images could not be sttiched.
[ERROR] 2018-02-19 13:00:03,032 No image data found to extract
[INFO] 2018-02-19 13:01:02,229 Image Mosaicing starts
[DEBUG] 2018-02-19 13:01:02,229 Working directory switched to one directory back
[INFO] 2018-02-19 13:04:53,555 Image Mosaicing starts
[DEBUG] 2018-02-19 13:04:53,555 Working directory switched to one directory back
[INFO] 2018-02-19 13:05:27,365 Image Mosaicing starts
[DEBUG] 2018-02-19 13:05:27,365 Working directory switched to one directory back
[WARN] 2018-02-19 13:05:28,307 Images could not be sttiched.
[INFO] 2018-02-19 13:05:49,490 Image Mosaicing starts
[DEBUG] 2018-02-19 13:05:49,490 Working directory switched to one directory back
[WARN] 2018-02-19 13:05:56,096 Images could not be sttiched.
[INFO] 2018-02-19 13:06:00,049 Image Mosaicing starts
[DEBUG] 2018-02-19 13:06:00,050 Working directory switched to one directory back
[INFO] 2018-02-19 13:06:39,582 Image Mosaicing starts
[DEBUG] 2018-02-19 13:06:39,582 Working directory switched to one directory back
[WARN] 2018-02-19 13:06:44,107 Images could not be sttiched.
[INFO] 2018-02-19 13:06:47,296 Image Mosaicing starts
[DEBUG] 2018-02-19 13:06:47,296 Working directory switched to one directory back
[WARN] 2018-02-19 13:06:49,286 Images could not be sttiched.
[INFO] 2018-02-19 13:06:53,433 Image Mosaicing starts
[DEBUG] 2018-02-19 13:06:53,433 Working directory switched to one directory back
[WARN] 2018-02-19 13:06:55,854 Images could not be sttiched.
[INFO] 2018-02-19 14:41:24,341 Image Mosaicing starts
[DEBUG] 2018-02-19 14:41:24,383 Working directory switched to one directory back
[WARN] 2018-02-19 14:42:03,143 Images could not be sttiched.
[WARN] 2018-02-19 14:42:13,332 Images could not be sttiched.
[WARN] 2018-02-19 14:42:14,904 Images could not be sttiched.
[WARN] 2018-02-19 14:42:16,483 Images could not be sttiched.
[WARN] 2018-02-19 14:42:17,098 Images could not be sttiched.
[WARN] 2018-02-19 14:42:17,743 Images could not be sttiched.
[WARN] 2018-02-19 14:42:18,362 Images could not be sttiched.
[WARN] 2018-02-19 14:42:18,966 Images could not be sttiched.
[WARN] 2018-02-19 14:42:19,521 Images could not be sttiched.
[WARN] 2018-02-19 14:42:20,176 Images could not be sttiched.
[WARN] 2018-02-19 14:42:22,045 Images could not be sttiched.
[WARN] 2018-02-19 14:42:23,188 Images could not be sttiched.
[WARN] 2018-02-19 14:42:24,121 Images could not be sttiched.
[WARN] 2018-02-19 14:42:24,880 Images could not be sttiched.
[WARN] 2018-02-19 14:42:25,629 Images could not be sttiched.
[WARN] 2018-02-19 14:42:26,364 Images could not be sttiched.
[WARN] 2018-02-19 14:42:27,148 Images could not be sttiched.
[WARN] 2018-02-19 14:42:27,851 Images could not be sttiched.
[INFO] 2018-02-19 14:42:34,241 Image Mosaicing starts
[DEBUG] 2018-02-19 14:42:34,241 Working directory switched to one directory back
[WARN] 2018-02-19 14:42:35,962 Images could not be sttiched.
[WARN] 2018-02-19 14:42:39,537 Images could not be sttiched.
[WARN] 2018-02-19 14:42:41,387 Images could not be sttiched.
[WARN] 2018-02-19 14:42:42,093 Images could not be sttiched.
[WARN] 2018-02-19 14:42:42,678 Images could not be sttiched.
[WARN] 2018-02-19 14:42:43,325 Images could not be sttiched.
[WARN] 2018-02-19 14:42:43,944 Images could not be sttiched.
[WARN] 2018-02-19 14:42:44,560 Images could not be sttiched.
[WARN] 2018-02-19 14:42:45,216 Images could not be sttiched.
[WARN] 2018-02-19 14:42:45,803 Images could not be sttiched.
[WARN] 2018-02-19 14:42:46,522 Images could not be sttiched.
[WARN] 2018-02-19 14:42:50,277 Images could not be sttiched.
[WARN] 2018-02-19 14:42:58,561 Images could not be sttiched.
[WARN] 2018-02-19 14:42:59,385 Images could not be sttiched.
[INFO] 2018-02-19 14:45:42,240 Image Mosaicing starts
[DEBUG] 2018-02-19 14:45:42,241 Working directory switched to one directory back
[WARN] 2018-02-19 14:45:55,827 Images could not be sttiched.
[WARN] 2018-02-19 14:46:04,969 Images could not be sttiched.
[WARN] 2018-02-19 14:46:26,624 Images could not be sttiched.
[WARN] 2018-02-19 14:46:29,285 Images could not be sttiched.
[WARN] 2018-02-19 14:46:30,493 Images could not be sttiched.
[WARN] 2018-02-19 14:46:31,486 Images could not be sttiched.
[WARN] 2018-02-19 14:46:32,445 Images could not be sttiched.
[WARN] 2018-02-19 14:46:33,664 Images could not be sttiched.
[WARN] 2018-02-19 14:46:34,982 Images could not be sttiched.
[WARN] 2018-02-19 14:46:39,142 Images could not be sttiched.
[WARN] 2018-02-19 14:46:40,313 Images could not be sttiched.
[WARN] 2018-02-19 14:46:41,520 Images could not be sttiched.
[WARN] 2018-02-19 14:46:43,878 Images could not be sttiched.
[WARN] 2018-02-19 14:46:45,332 Images could not be sttiched.
[WARN] 2018-02-19 14:46:46,383 Images could not be sttiched.
[WARN] 2018-02-19 14:46:50,634 Images could not be sttiched.
[WARN] 2018-02-19 14:47:15,272 Images could not be sttiched.
[INFO] 2018-02-19 14:47:48,289 Image Mosaicing starts
[DEBUG] 2018-02-19 14:47:48,289 Working directory switched to one directory back
[WARN] 2018-02-19 14:48:00,423 Images could not be sttiched.
[WARN] 2018-02-19 14:48:02,223 Images could not be sttiched.
[WARN] 2018-02-19 14:48:04,088 Images could not be sttiched.
[WARN] 2018-02-19 14:48:06,570 Images could not be sttiched.
[WARN] 2018-02-19 14:48:07,886 Images could not be sttiched.
[WARN] 2018-02-19 14:48:09,196 Images could not be sttiched.
[WARN] 2018-02-19 14:48:10,927 Images could not be sttiched.
[WARN] 2018-02-19 14:48:12,906 Images could not be sttiched.
[WARN] 2018-02-19 14:48:19,727 Images could not be sttiched.
[WARN] 2018-02-19 14:48:21,908 Images could not be sttiched.
[WARN] 2018-02-19 14:48:23,541 Images could not be sttiched.
[INFO] 2018-02-19 14:48:31,694 Image Mosaicing starts
[DEBUG] 2018-02-19 14:48:31,694 Working directory switched to one directory back
[WARN] 2018-02-19 14:48:34,717 Images could not be sttiched.
[WARN] 2018-02-19 14:48:36,496 Images could not be sttiched.
[WARN] 2018-02-19 14:48:37,361 Images could not be sttiched.
[WARN] 2018-02-19 14:48:38,946 Images could not be sttiched.
[WARN] 2018-02-19 14:48:39,790 Images could not be sttiched.
[WARN] 2018-02-19 14:48:40,439 Images could not be sttiched.
[WARN] 2018-02-19 14:48:41,062 Images could not be sttiched.
[WARN] 2018-02-19 14:48:41,569 Images could not be sttiched.
[WARN] 2018-02-19 14:48:42,204 Images could not be sttiched.
[WARN] 2018-02-19 14:48:42,733 Images could not be sttiched.
[WARN] 2018-02-19 14:48:43,296 Images could not be sttiched.
[WARN] 2018-02-19 14:48:43,926 Images could not be sttiched.
[WARN] 2018-02-19 14:48:44,471 Images could not be sttiched.
[WARN] 2018-02-19 14:48:44,999 Images could not be sttiched.
[WARN] 2018-02-19 14:48:45,521 Images could not be sttiched.
[WARN] 2018-02-19 14:48:46,009 Images could not be sttiched.
[WARN] 2018-02-19 14:48:46,510 Images could not be sttiched.
[WARN] 2018-02-19 14:48:46,960 Images could not be sttiched.
[WARN] 2018-02-19 14:48:47,485 Images could not be sttiched.
[WARN] 2018-02-19 14:48:48,636 Images could not be sttiched.
[WARN] 2018-02-19 14:48:50,020 Images could not be sttiched.
[ERROR] 2018-02-19 14:48:50,108 No image data found to extract
[INFO] 2018-02-19 14:48:56,072 Image Mosaicing starts
[DEBUG] 2018-02-19 14:48:56,073 Working directory switched to one directory back
[WARN] 2018-02-19 14:49:00,670 Images could not be sttiched.
[WARN] 2018-02-19 14:49:09,528 Images could not be sttiched.
[WARN] 2018-02-19 14:49:10,071 Images could not be sttiched.
[INFO] 2018-02-19 14:52:00,082 Image Mosaicing starts
[DEBUG] 2018-02-19 14:52:00,082 Working directory switched to one directory back
[INFO] 2018-02-19 14:52:03,984 Image Mosaicing starts
[DEBUG] 2018-02-19 14:52:03,984 Working directory switched to one directory back
[INFO] 2018-02-19 14:52:29,591 Image Mosaicing starts
[DEBUG] 2018-02-19 14:52:29,591 Working directory switched to one directory back
[WARN] 2018-02-19 14:52:32,072 Images could not be sttiched.
[WARN] 2018-02-19 14:52:41,559 Images could not be sttiched.
[WARN] 2018-02-19 14:52:46,640 Images could not be sttiched.
[WARN] 2018-02-19 14:52:48,064 Images could not be sttiched.
[WARN] 2018-02-19 14:52:48,801 Images could not be sttiched.
[WARN] 2018-02-19 14:52:49,313 Images could not be sttiched.
[WARN] 2018-02-19 14:52:49,968 Images could not be sttiched.
[WARN] 2018-02-19 14:52:50,674 Images could not be sttiched.
[WARN] 2018-02-19 14:52:51,379 Images could not be sttiched.
[WARN] 2018-02-19 14:52:51,833 Images could not be sttiched.
[ERROR] 2018-02-19 14:52:51,910 No image data found to extract
[INFO] 2018-02-19 14:57:23,657 Image Mosaicing starts
[DEBUG] 2018-02-19 14:57:23,657 Working directory switched to one directory back
[WARN] 2018-02-19 14:57:26,027 Images could not be sttiched.
[WARN] 2018-02-19 14:57:33,314 Images could not be sttiched.
[WARN] 2018-02-19 14:57:34,163 Images could not be sttiched.
[WARN] 2018-02-19 14:57:34,994 Images could not be sttiched.
[WARN] 2018-02-19 14:57:35,703 Images could not be sttiched.
[WARN] 2018-02-19 14:57:36,203 Images could not be sttiched.
[WARN] 2018-02-19 14:57:36,678 Images could not be sttiched.
[WARN] 2018-02-19 14:57:37,532 Images could not be sttiched.
[WARN] 2018-02-19 14:57:37,979 Images could not be sttiched.
[WARN] 2018-02-19 14:57:38,455 Images could not be sttiched.
[ERROR] 2018-02-19 14:57:38,523 No image data found to extract
[INFO] 2018-02-19 14:58:19,939 Image Mosaicing starts
[DEBUG] 2018-02-19 14:58:19,939 Working directory switched to one directory back
[WARN] 2018-02-19 14:58:32,868 Images could not be sttiched.
[WARN] 2018-02-19 14:58:46,064 Images could not be sttiched.
[WARN] 2018-02-19 14:58:49,203 Images could not be sttiched.
[WARN] 2018-02-19 14:58:58,480 Images could not be sttiched.
[WARN] 2018-02-19 14:59:06,926 Images could not be sttiched.
[INFO] 2018-02-19 15:03:07,604 Image Mosaicing starts
[DEBUG] 2018-02-19 15:03:07,605 Working directory switched to one directory back
[WARN] 2018-02-19 15:03:14,808 Images could not be stitched.
[WARN] 2018-02-19 15:03:23,934 Images could not be stitched.
[INFO] 2018-02-19 15:04:08,433 Image Mosaicing starts
[DEBUG] 2018-02-19 15:04:08,433 Working directory switched to one directory back
[WARN] 2018-02-19 15:04:10,363 Images could not be stitched.
[WARN] 2018-02-19 15:04:11,603 Images could not be stitched.
[WARN] 2018-02-19 15:04:12,748 Images could not be stitched.
[WARN] 2018-02-19 15:04:13,875 Images could not be stitched.
[WARN] 2018-02-19 15:04:14,996 Images could not be stitched.
[WARN] 2018-02-19 15:04:16,094 Images could not be stitched.
[WARN] 2018-02-19 15:04:17,174 Images could not be stitched.
[WARN] 2018-02-19 15:04:18,149 Images could not be stitched.
[WARN] 2018-02-19 15:04:19,587 Images could not be stitched.
[WARN] 2018-02-19 15:04:21,035 Images could not be stitched.
[WARN] 2018-02-19 15:04:22,477 Images could not be stitched.
[WARN] 2018-02-19 15:04:23,991 Images could not be stitched.
[WARN] 2018-02-19 15:04:25,051 Images could not be stitched.
[WARN] 2018-02-19 15:04:26,176 Images could not be stitched.
[WARN] 2018-02-19 15:04:27,348 Images could not be stitched.
[WARN] 2018-02-19 15:04:28,497 Images could not be stitched.
[WARN] 2018-02-19 15:04:29,572 Images could not be stitched.
[WARN] 2018-02-19 15:04:30,639 Images could not be stitched.
[WARN] 2018-02-19 15:04:31,908 Images could not be stitched.
[WARN] 2018-02-19 15:04:33,053 Images could not be stitched.
[WARN] 2018-02-19 15:04:34,451 Images could not be stitched.
[WARN] 2018-02-19 15:04:35,632 Images could not be stitched.
[WARN] 2018-02-19 15:04:36,837 Images could not be stitched.
[INFO] 2018-02-19 15:05:56,976 Image Mosaicing starts
[DEBUG] 2018-02-19 15:05:56,976 Working directory switched to one directory back
[WARN] 2018-02-19 15:06:07,376 Images could not be sttiched.
[INFO] 2018-02-19 15:08:10,546 Image Mosaicing starts
[DEBUG] 2018-02-19 15:08:10,547 Working directory switched to one directory back
[WARN] 2018-02-19 15:08:12,889 Images could not be stitched.
[WARN] 2018-02-19 15:08:14,665 Images could not be stitched.
[WARN] 2018-02-19 15:08:16,240 Images could not be stitched.
[WARN] 2018-02-19 15:08:17,795 Images could not be stitched.
[WARN] 2018-02-19 15:08:19,285 Images could not be stitched.
[WARN] 2018-02-19 15:08:20,741 Images could not be stitched.
[WARN] 2018-02-19 15:08:22,491 Images could not be stitched.
[WARN] 2018-02-19 15:08:23,917 Images could not be stitched.
[WARN] 2018-02-19 15:08:25,407 Images could not be stitched.
[WARN] 2018-02-19 15:08:27,164 Images could not be stitched.
[WARN] 2018-02-19 15:08:28,700 Images could not be stitched.
[WARN] 2018-02-19 15:08:30,235 Images could not be stitched.
[WARN] 2018-02-19 15:08:31,748 Images could not be stitched.
[WARN] 2018-02-19 15:08:33,286 Images could not be stitched.
[WARN] 2018-02-19 15:08:34,806 Images could not be stitched.
[WARN] 2018-02-19 15:08:36,374 Images could not be stitched.
[WARN] 2018-02-19 15:08:37,996 Images could not be stitched.
[INFO] 2018-02-19 15:09:32,098 Image Mosaicing starts
[DEBUG] 2018-02-19 15:09:32,098 Working directory switched to one directory back
[WARN] 2018-02-19 15:09:34,420 Images could not be stitched.
[WARN] 2018-02-19 15:09:36,083 Images could not be stitched.
[WARN] 2018-02-19 15:09:37,597 Images could not be stitched.
[WARN] 2018-02-19 15:09:39,306 Images could not be stitched.
[WARN] 2018-02-19 15:09:40,903 Images could not be stitched.
[WARN] 2018-02-19 15:09:42,445 Images could not be stitched.
[WARN] 2018-02-19 15:09:44,100 Images could not be stitched.
[WARN] 2018-02-19 15:09:45,509 Images could not be stitched.
[WARN] 2018-02-19 15:09:47,262 Images could not be stitched.
[WARN] 2018-02-19 15:09:48,833 Images could not be stitched.
[WARN] 2018-02-19 15:09:50,371 Images could not be stitched.
[WARN] 2018-02-19 15:09:51,838 Images could not be stitched.
[WARN] 2018-02-19 15:09:53,402 Images could not be stitched.
[WARN] 2018-02-19 15:09:54,880 Images could not be stitched.
[WARN] 2018-02-19 15:09:57,014 Images could not be stitched.
[WARN] 2018-02-19 15:09:58,710 Images could not be stitched.
[INFO] 2018-02-19 15:15:44,787 Image Mosaicing starts
[DEBUG] 2018-02-19 15:15:44,787 Working directory switched to one directory back
[WARN] 2018-02-19 15:15:47,200 Images could not be stitched.
[WARN] 2018-02-19 15:15:48,958 Images could not be stitched.
[WARN] 2018-02-19 15:15:50,480 Images could not be stitched.
[WARN] 2018-02-19 15:15:52,023 Images could not be stitched.
[WARN] 2018-02-19 15:15:53,655 Images could not be stitched.
[INFO] 2018-02-19 15:16:16,845 Image Mosaicing starts
[DEBUG] 2018-02-19 15:16:16,845 Working directory switched to one directory back
[WARN] 2018-02-19 15:16:19,117 Images could not be stitched.
[WARN] 2018-02-19 15:16:20,706 Images could not be stitched.
[WARN] 2018-02-19 15:16:22,247 Images could not be stitched.
[WARN] 2018-02-19 15:16:24,016 Images could not be stitched.
[WARN] 2018-02-19 15:16:25,552 Images could not be stitched.
[WARN] 2018-02-19 15:16:27,338 Images could not be stitched.
[WARN] 2018-02-19 15:16:28,861 Images could not be stitched.
[INFO] 2018-02-19 15:17:21,580 Image Mosaicing starts
[DEBUG] 2018-02-19 15:17:21,580 Working directory switched to one directory back
[WARN] 2018-02-19 15:17:23,975 Images could not be stitched.
[WARN] 2018-02-19 15:17:38,125 Images could not be stitched.
[WARN] 2018-02-19 15:17:42,103 Images could not be stitched.
[WARN] 2018-02-19 15:17:44,242 Images could not be stitched.
[WARN] 2018-02-19 15:17:47,001 Images could not be stitched.
[WARN] 2018-02-19 15:17:48,998 Images could not be stitched.
[WARN] 2018-02-19 15:17:51,189 Images could not be stitched.
[INFO] 2018-02-19 15:48:52,262 Image Mosaicing starts
[DEBUG] 2018-02-19 15:48:52,262 Working directory switched to one directory back
[ERROR] 2018-02-19 15:48:53,378 No image data found to extract
[INFO] 2018-02-19 15:55:39,870 Image Mosaicing starts
[DEBUG] 2018-02-19 15:55:39,870 Working directory switched to one directory back
[ERROR] 2018-02-19 15:55:40,897 No image data found to extract
[INFO] 2018-02-19 15:57:07,453 Image Mosaicing starts
[DEBUG] 2018-02-19 15:57:07,453 Working directory switched to one directory back
[ERROR] 2018-02-19 15:57:08,495 No image data found to extract
[WARN] 2018-02-19 15:57:33,437 Images could not be stitched.
[INFO] 2018-02-19 16:02:43,285 Image Mosaicing starts
[DEBUG] 2018-02-19 16:02:43,366 Working directory switched to one directory back
[INFO] 2018-02-19 16:03:24,264 Image Mosaicing starts
[DEBUG] 2018-02-19 16:03:24,264 Working directory switched to one directory back
[INFO] 2018-02-19 16:18:33,442 Image Mosaicing starts
[DEBUG] 2018-02-19 16:18:33,442 Working directory switched to one directory back
[ERROR] 2018-02-19 16:18:33,443 No image data loaded
[INFO] 2018-02-19 16:18:42,613 Image Mosaicing starts
[DEBUG] 2018-02-19 16:18:42,614 Working directory switched to one directory back
[INFO] 2018-02-19 16:18:59,193 Image Mosaicing starts
[DEBUG] 2018-02-19 16:18:59,194 Working directory switched to one directory back
[INFO] 2018-02-19 16:20:58,836 Image Mosaicing starts
[DEBUG] 2018-02-19 16:20:58,836 Working directory switched to one directory back
[INFO] 2018-02-19 16:22:46,099 Image Mosaicing starts
[DEBUG] 2018-02-19 16:22:46,099 Working directory switched to one directory back
[INFO] 2018-02-19 16:23:10,922 Image Mosaicing starts
[DEBUG] 2018-02-19 16:23:10,922 Working directory switched to one directory back
[INFO] 2018-02-19 16:23:50,673 Image Mosaicing starts
[DEBUG] 2018-02-19 16:23:50,673 Working directory switched to one directory back
[INFO] 2018-02-19 16:57:36,574 Image Mosaicing starts
[DEBUG] 2018-02-19 16:57:36,574 Working directory switched to one directory back
[INFO] 2018-02-19 16:59:31,546 Image Mosaicing starts
[DEBUG] 2018-02-19 16:59:31,546 Working directory switched to one directory back
[INFO] 2018-02-19 17:00:46,120 Image Mosaicing starts
[DEBUG] 2018-02-19 17:00:46,120 Working directory switched to one directory back
[INFO] 2018-02-19 17:02:08,693 Image Mosaicing starts
[DEBUG] 2018-02-19 17:02:08,693 Working directory switched to one directory back
[INFO] 2018-02-19 17:02:27,373 Image Mosaicing starts
[DEBUG] 2018-02-19 17:02:27,373 Working directory switched to one directory back
[INFO] 2018-02-19 17:16:23,655 Image Mosaicing starts
[DEBUG] 2018-02-19 17:16:23,655 Working directory switched to one directory back
[INFO] 2018-02-19 17:17:16,517 Image Mosaicing starts
[DEBUG] 2018-02-19 17:17:16,517 Working directory switched to one directory back
[INFO] 2018-02-19 17:18:16,386 Image Mosaicing starts
[DEBUG] 2018-02-19 17:18:16,386 Working directory switched to one directory back
[INFO] 2018-02-19 17:18:19,396 Image Mosaicing starts
[DEBUG] 2018-02-19 17:18:19,396 Working directory switched to one directory back
[INFO] 2018-02-19 17:19:44,415 Image Mosaicing starts
[DEBUG] 2018-02-19 17:19:44,415 Working directory switched to one directory back
[INFO] 2018-02-19 17:20:45,022 Image Mosaicing starts
[DEBUG] 2018-02-19 17:20:45,022 Working directory switched to one directory back
[INFO] 2018-02-19 17:21:10,417 Image Mosaicing starts
[DEBUG] 2018-02-19 17:21:10,417 Working directory switched to one directory back
[INFO] 2018-02-19 17:22:03,070 Image Mosaicing starts
[DEBUG] 2018-02-19 17:22:03,070 Working directory switched to one directory back
[INFO] 2018-02-19 17:22:39,511 Image Mosaicing starts
[DEBUG] 2018-02-19 17:22:39,511 Working directory switched to one directory back
[INFO] 2018-02-19 17:23:32,721 Image Mosaicing starts
[DEBUG] 2018-02-19 17:23:32,721 Working directory switched to one directory back
[INFO] 2018-02-19 17:50:50,286 Image Mosaicing starts
[DEBUG] 2018-02-19 17:50:50,307 Working directory switched to one directory back
[INFO] 2018-02-19 17:51:37,775 Image Mosaicing starts
[DEBUG] 2018-02-19 17:51:37,775 Working directory switched to one directory back
[INFO] 2018-02-19 17:52:57,225 Image Mosaicing starts
[DEBUG] 2018-02-19 17:52:57,225 Working directory switched to one directory back
[INFO] 2018-02-19 17:53:18,805 Image Mosaicing starts
[DEBUG] 2018-02-19 17:53:18,805 Working directory switched to one directory back
[INFO] 2018-02-19 17:55:21,429 Image Mosaicing starts
[DEBUG] 2018-02-19 17:55:21,429 Working directory switched to one directory back
[INFO] 2018-02-19 17:55:53,663 Image Mosaicing starts
[DEBUG] 2018-02-19 17:55:53,663 Working directory switched to one directory back
[INFO] 2018-02-20 11:42:47,801 Image Mosaicing starts
[DEBUG] 2018-02-20 11:42:47,851 Working directory switched to one directory back
[INFO] 2018-02-20 11:43:20,069 Image Mosaicing starts
[DEBUG] 2018-02-20 11:43:20,069 Working directory switched to one directory back
[INFO] 2018-02-20 11:49:33,505 Image Mosaicing starts
[DEBUG] 2018-02-20 11:49:33,505 Working directory switched to one directory back
[INFO] 2018-02-20 11:52:47,157 Image Mosaicing starts
[DEBUG] 2018-02-20 11:52:47,157 Working directory switched to one directory back
[INFO] 2018-02-20 11:55:48,895 Image Mosaicing starts
[DEBUG] 2018-02-20 11:55:48,895 Working directory switched to one directory back
[INFO] 2018-02-20 11:57:05,497 Image Mosaicing starts
[DEBUG] 2018-02-20 11:57:05,497 Working directory switched to one directory back
[INFO] 2018-02-20 11:57:36,500 Image Mosaicing starts
[DEBUG] 2018-02-20 11:57:36,500 Working directory switched to one directory back
[INFO] 2018-02-20 11:59:59,584 Image Mosaicing starts
[DEBUG] 2018-02-20 11:59:59,584 Working directory switched to one directory back
[INFO] 2018-02-20 12:03:12,957 Image Mosaicing starts
[DEBUG] 2018-02-20 12:03:12,957 Working directory switched to one directory back
[INFO] 2018-02-20 12:04:11,865 Image Mosaicing starts
[DEBUG] 2018-02-20 12:04:11,865 Working directory switched to one directory back
[INFO] 2018-02-20 12:06:37,235 Image Mosaicing starts
[DEBUG] 2018-02-20 12:06:37,235 Working directory switched to one directory back
[INFO] 2018-02-20 12:10:08,763 Image Mosaicing starts
[DEBUG] 2018-02-20 12:10:08,764 Working directory switched to one directory back
[INFO] 2018-02-20 12:11:17,097 Image Mosaicing starts
[DEBUG] 2018-02-20 12:11:17,097 Working directory switched to one directory back
[INFO] 2018-02-20 12:16:48,432 Image Mosaicing starts
[DEBUG] 2018-02-20 12:16:48,432 Working directory switched to one directory back
[INFO] 2018-02-20 14:10:20,959 Image Mosaicing starts
[DEBUG] 2018-02-20 14:10:21,001 Working directory switched to one directory back
[INFO] 2018-02-20 14:10:34,965 Image Mosaicing starts
[DEBUG] 2018-02-20 14:10:34,965 Working directory switched to one directory back
[INFO] 2018-02-20 14:11:03,949 Image Mosaicing starts
[DEBUG] 2018-02-20 14:11:03,949 Working directory switched to one directory back
[INFO] 2018-02-20 14:11:29,310 Image Mosaicing starts
[DEBUG] 2018-02-20 14:11:29,310 Working directory switched to one directory back
[INFO] 2018-02-20 14:11:52,496 Image Mosaicing starts
[DEBUG] 2018-02-20 14:11:52,497 Working directory switched to one directory back
[INFO] 2018-02-20 14:13:33,410 Image Mosaicing starts
[DEBUG] 2018-02-20 14:13:33,410 Working directory switched to one directory back
[INFO] 2018-02-20 14:14:02,139 Image Mosaicing starts
[DEBUG] 2018-02-20 14:14:02,139 Working directory switched to one directory back
[INFO] 2018-02-20 14:14:17,181 Image Mosaicing starts
[DEBUG] 2018-02-20 14:14:17,182 Working directory switched to one directory back
[INFO] 2018-02-20 14:29:36,160 Image Mosaicing starts
[DEBUG] 2018-02-20 14:29:36,160 Working directory switched to one directory back
[INFO] 2018-02-20 14:30:47,764 Image Mosaicing starts
[DEBUG] 2018-02-20 14:30:47,765 Working directory switched to one directory back
[INFO] 2018-02-20 14:31:42,636 Image Mosaicing starts
[DEBUG] 2018-02-20 14:31:42,637 Working directory switched to one directory back
[INFO] 2018-02-20 14:41:21,232 Image Mosaicing starts
[DEBUG] 2018-02-20 14:41:21,232 Working directory switched to one directory back
[INFO] 2018-02-20 14:41:43,988 Image Mosaicing starts
[DEBUG] 2018-02-20 14:41:43,988 Working directory switched to one directory back
[INFO] 2018-02-20 14:42:10,397 Image Mosaicing starts
[DEBUG] 2018-02-20 14:42:10,397 Working directory switched to one directory back
[INFO] 2018-02-20 14:46:24,209 Image Mosaicing starts
[DEBUG] 2018-02-20 14:46:24,210 Working directory switched to one directory back
[INFO] 2018-02-20 14:48:45,690 Image Mosaicing starts
[DEBUG] 2018-02-20 14:48:45,691 Working directory switched to one directory back
[INFO] 2018-02-20 14:50:30,140 Image Mosaicing starts
[DEBUG] 2018-02-20 14:50:30,140 Working directory switched to one directory back
[INFO] 2018-02-20 14:57:26,980 Image Mosaicing starts
[DEBUG] 2018-02-20 14:57:26,980 Working directory switched to one directory back
[INFO] 2018-02-20 15:00:14,821 Image Mosaicing starts
[DEBUG] 2018-02-20 15:00:14,821 Working directory switched to one directory back
[INFO] 2018-02-20 15:00:34,902 Image Mosaicing starts
[DEBUG] 2018-02-20 15:00:34,902 Working directory switched to one directory back
[INFO] 2018-02-20 15:01:00,560 Image Mosaicing starts
[DEBUG] 2018-02-20 15:01:00,560 Working directory switched to one directory back
[INFO] 2018-02-20 15:08:31,774 Image Mosaicing starts
[DEBUG] 2018-02-20 15:08:31,774 Working directory switched to one directory back
[INFO] 2018-02-20 15:10:28,986 Image Mosaicing starts
[DEBUG] 2018-02-20 15:10:28,986 Working directory switched to one directory back
[INFO] 2018-02-20 15:14:39,124 Image Mosaicing starts
[DEBUG] 2018-02-20 15:14:39,124 Working directory switched to one directory back
[INFO] 2018-02-20 15:22:17,346 Image Mosaicing starts
[DEBUG] 2018-02-20 15:22:17,346 Working directory switched to one directory back
[INFO] 2018-02-20 16:18:28,803 Image Mosaicing starts
[DEBUG] 2018-02-20 16:18:28,803 Working directory switched to one directory back
[INFO] 2018-02-20 16:24:27,532 Image Mosaicing starts
[DEBUG] 2018-02-20 16:24:27,608 Working directory switched to one directory back
[WARN] 2018-02-20 16:28:07,156 Image Mosaicing starts
[DEBUG] 2018-02-20 16:28:07,254 Working directory switched to one directory back
[WARN] 2018-02-20 16:28:07,460 Capturing images done
[WARN] 2018-02-20 16:28:07,720 feature detection done
[WARN] 2018-02-20 16:28:07,793 feature matching done
[WARN] 2018-02-20 16:28:07,901 homography done
[WARN] 2018-02-20 16:28:08,355 image warping done
[WARN] 2018-02-20 16:28:22,746 blending done
[WARN] 2018-02-20 16:30:44,850 Image Mosaicing starts
[DEBUG] 2018-02-20 16:30:44,850 Working directory switched to one directory back
[WARN] 2018-02-20 16:30:45,205 Capturing images done
[WARN] 2018-02-20 16:30:45,244 feature detection done
[WARN] 2018-02-20 16:30:45,247 feature matching done
[WARN] 2018-02-20 16:30:45,248 homography done
[WARN] 2018-02-20 16:34:54,609 Image Mosaicing starts
[DEBUG] 2018-02-20 16:34:54,609 Working directory switched to one directory back
[WARN] 2018-02-20 16:34:54,792 Capturing images done
[WARN] 2018-02-20 16:34:54,831 feature detection done
[WARN] 2018-02-20 16:34:54,834 feature matching done
[WARN] 2018-02-20 16:34:54,938 homography done
[WARN] 2018-02-20 16:39:31,016 Image Mosaicing starts
[DEBUG] 2018-02-20 16:39:31,016 Working directory switched to one directory back
[WARN] 2018-02-20 16:39:31,201 Capturing images done
[WARN] 2018-02-20 16:39:31,235 feature detection done
[WARN] 2018-02-20 16:39:31,239 feature matching done
[WARN] 2018-02-20 16:39:31,241 homography done
[WARN] 2018-02-20 16:40:35,597 Image Mosaicing starts
[DEBUG] 2018-02-20 16:40:35,597 Working directory switched to one directory back
[WARN] 2018-02-20 16:40:35,783 Capturing images done
[WARN] 2018-02-20 16:40:35,821 feature detection done
[WARN] 2018-02-20 16:40:35,826 feature matching done
[WARN] 2018-02-20 16:40:35,827 homography done
[WARN] 2018-02-20 16:41:23,244 Image Mosaicing starts
[DEBUG] 2018-02-20 16:41:23,244 Working directory switched to one directory back
[WARN] 2018-02-20 16:41:23,427 Capturing images done
[WARN] 2018-02-20 16:41:23,463 feature detection done
[WARN] 2018-02-20 16:41:23,467 feature matching done
[WARN] 2018-02-20 16:41:23,468 homography done
[WARN] 2018-02-20 16:41:27,624 image warping done
[WARN] 2018-02-20 16:41:31,931 blending done
[WARN] 2018-02-20 16:43:07,262 Image Mosaicing starts
[DEBUG] 2018-02-20 16:43:07,262 Working directory switched to one directory back
[WARN] 2018-02-20 16:43:07,475 Capturing images done
[WARN] 2018-02-20 16:43:07,516 feature detection done
[WARN] 2018-02-20 16:43:15,963 Keypoint display done
[WARN] 2018-02-20 16:43:15,966 feature matching done
[WARN] 2018-02-20 16:43:15,968 homography done
[WARN] 2018-02-20 16:43:15,990 image warping done
[WARN] 2018-02-20 16:43:18,991 blending done
[WARN] 2018-02-20 17:03:41,992 Image Mosaicing starts
[DEBUG] 2018-02-20 17:03:41,992 Working directory switched to one directory back
[WARN] 2018-02-20 17:03:42,174 Capturing images done
[WARN] 2018-02-20 17:03:42,213 feature detection done
[WARN] 2018-02-20 17:04:10,398 Keypoint display done
[WARN] 2018-02-20 17:04:10,404 feature matching done
[WARN] 2018-02-20 17:04:10,405 homography done
[WARN] 2018-02-20 17:04:10,433 image warping done
[WARN] 2018-02-20 17:05:54,364 blending done
[WARN] 2018-02-20 17:05:57,990 Image Mosaicing starts
[DEBUG] 2018-02-20 17:05:57,990 Working directory switched to one directory back
[WARN] 2018-02-20 17:05:58,171 Capturing images done
[WARN] 2018-02-20 17:05:58,209 feature detection done
[WARN] 2018-02-20 17:08:39,050 Keypoint display done
[WARN] 2018-02-20 17:08:39,054 feature matching done
[WARN] 2018-02-20 17:08:39,055 homography done
[WARN] 2018-02-20 17:08:39,075 image warping done
[WARN] 2018-02-20 17:11:59,201 blending done
[WARN] 2018-02-20 17:13:26,932 Image Mosaicing starts
[DEBUG] 2018-02-20 17:13:26,932 Working directory switched to one directory back
[WARN] 2018-02-20 17:13:27,117 Capturing images done
[WARN] 2018-02-20 17:13:27,153 feature detection done
[WARN] 2018-02-20 17:15:23,233 Keypoint display done
[WARN] 2018-02-20 17:15:23,240 feature matching done
[WARN] 2018-02-20 17:15:23,241 homography done
[WARN] 2018-02-20 17:15:23,268 image warping done
[WARN] 2018-02-20 17:15:24,892 blending done
[WARN] 2018-02-21 14:41:12,401 Image Mosaicing starts
[DEBUG] 2018-02-21 14:41:12,429 Working directory switched to one directory back
[WARN] 2018-02-21 14:41:12,459 Capturing images done
[WARN] 2018-02-21 14:41:12,607 feature detection done
[WARN] 2018-02-21 14:41:19,775 Keypoint display done
[WARN] 2018-02-21 14:41:19,987 feature matching done
[WARN] 2018-02-21 14:41:20,178 homography done
[WARN] 2018-02-21 14:42:21,966 Image Mosaicing starts
[DEBUG] 2018-02-21 14:42:21,966 Working directory switched to one directory back
[WARN] 2018-02-21 14:42:21,998 Capturing images done
[WARN] 2018-02-21 14:42:22,353 feature detection done
[WARN] 2018-02-21 14:42:29,179 Keypoint display done
[WARN] 2018-02-21 14:42:29,442 feature matching done
[WARN] 2018-02-21 14:42:29,529 homography done
[WARN] 2018-02-21 14:42:29,571 image warping done
[WARN] 2018-02-21 14:42:43,576 blending done
[WARN] 2018-02-21 14:45:49,578 Image Mosaicing starts
[DEBUG] 2018-02-21 14:45:49,578 Working directory switched to one directory back
[WARN] 2018-02-21 14:45:49,613 Capturing images done
[WARN] 2018-02-21 14:45:49,669 feature detection done
[WARN] 2018-02-21 14:45:52,100 Keypoint display done
[WARN] 2018-02-21 14:45:52,103 feature matching done
[WARN] 2018-02-21 14:45:52,106 homography done
[WARN] 2018-02-21 14:46:17,369 goodmatch selection done
[WARN] 2018-02-21 14:46:17,398 image warping done
[WARN] 2018-02-21 14:46:18,301 blending done
[WARN] 2018-02-21 14:46:20,555 Image Mosaicing starts
[DEBUG] 2018-02-21 14:46:20,555 Working directory switched to one directory back
[WARN] 2018-02-21 14:46:20,588 Capturing images done
[WARN] 2018-02-21 14:46:20,636 feature detection done
[WARN] 2018-02-21 14:46:33,276 Keypoint display done
[WARN] 2018-02-21 14:46:33,279 feature matching done
[WARN] 2018-02-21 14:46:33,283 homography done
[WARN] 2018-02-21 14:47:27,564 goodmatch selection done
[WARN] 2018-02-21 14:47:27,587 image warping done
[WARN] 2018-02-21 14:47:36,542 blending done
[WARN] 2018-02-21 14:47:51,301 Image Mosaicing starts
[DEBUG] 2018-02-21 14:47:51,301 Working directory switched to one directory back
[WARN] 2018-02-21 14:47:51,331 Capturing images done
[WARN] 2018-02-21 14:47:51,367 feature detection done
[WARN] 2018-02-21 14:47:55,250 Keypoint display done
[WARN] 2018-02-21 14:47:55,252 feature matching done
[WARN] 2018-02-21 14:47:55,259 homography done
[WARN] 2018-02-21 14:47:58,641 goodmatch selection done
[WARN] 2018-02-21 14:47:58,664 image warping done
[WARN] 2018-02-21 14:47:59,886 blending done
[WARN] 2018-02-21 14:48:05,202 Image Mosaicing starts
[DEBUG] 2018-02-21 14:48:05,202 Working directory switched to one directory back
[WARN] 2018-02-21 14:48:05,230 Capturing images done
[WARN] 2018-02-21 14:48:05,272 feature detection done
[WARN] 2018-02-21 14:48:12,129 Keypoint display done
[WARN] 2018-02-21 14:48:12,133 feature matching done
[WARN] 2018-02-21 14:48:12,135 homography done
[WARN] 2018-02-21 14:48:13,540 goodmatch selection done
[WARN] 2018-02-21 14:48:13,568 image warping done
[WARN] 2018-02-21 14:48:14,340 blending done
[WARN] 2018-02-21 14:48:23,318 Image Mosaicing starts
[DEBUG] 2018-02-21 14:48:23,318 Working directory switched to one directory back
[WARN] 2018-02-21 14:48:23,348 Capturing images done
[WARN] 2018-02-21 14:48:23,387 feature detection done
[WARN] 2018-02-21 14:48:25,405 Keypoint display done
[WARN] 2018-02-21 14:48:25,407 feature matching done
[WARN] 2018-02-21 14:48:25,412 homography done
[WARN] 2018-02-21 15:03:55,053 Image Mosaicing starts
[DEBUG] 2018-02-21 15:03:55,096 Working directory switched to one directory back
[WARN] 2018-02-21 15:03:55,157 Capturing images done
[WARN] 2018-02-21 15:03:55,694 feature detection done
[WARN] 2018-02-21 15:04:07,087 Keypoint display done
[WARN] 2018-02-21 15:04:07,236 feature matching done
[WARN] 2018-02-21 15:04:07,286 homography done
[WARN] 2018-02-21 15:04:09,165 goodmatch selection done
[WARN] 2018-02-21 15:04:09,235 image warping done
[WARN] 2018-02-21 15:05:03,737 blending done
[WARN] 2018-02-21 15:05:07,640 Image Mosaicing starts
[DEBUG] 2018-02-21 15:05:07,640 Working directory switched to one directory back
[WARN] 2018-02-21 15:05:07,671 Capturing images done
[WARN] 2018-02-21 15:05:07,716 feature detection done
[WARN] 2018-02-21 15:05:09,717 Keypoint display done
[WARN] 2018-02-21 15:05:09,721 feature matching done
[WARN] 2018-02-21 15:05:09,725 homography done
[WARN] 2018-02-21 15:05:42,037 goodmatch selection done
[WARN] 2018-02-21 15:05:42,067 image warping done
[WARN] 2018-02-21 15:06:26,991 blending done
[WARN] 2018-02-21 15:07:12,279 Image Mosaicing starts
[DEBUG] 2018-02-21 15:07:12,279 Working directory switched to one directory back
[WARN] 2018-02-21 15:07:12,310 Capturing images done
[WARN] 2018-02-21 15:07:12,348 feature detection done
[WARN] 2018-02-21 15:07:15,096 Keypoint display done
[WARN] 2018-02-21 15:07:15,100 feature matching done
[WARN] 2018-02-21 15:07:15,104 homography done
[WARN] 2018-02-21 15:07:22,774 goodmatch selection done
[WARN] 2018-02-21 15:07:22,802 image warping done
[WARN] 2018-02-21 15:07:24,523 blending done
[WARN] 2018-02-21 15:07:29,007 Image Mosaicing starts
[DEBUG] 2018-02-21 15:07:29,007 Working directory switched to one directory back
[WARN] 2018-02-21 15:07:29,036 Capturing images done
[WARN] 2018-02-21 15:07:29,070 feature detection done
[WARN] 2018-02-21 15:07:31,914 Keypoint display done
[WARN] 2018-02-21 15:07:31,916 feature matching done
[WARN] 2018-02-21 15:07:31,918 homography done
[WARN] 2018-02-21 15:07:34,528 goodmatch selection done
[WARN] 2018-02-21 15:07:34,553 image warping done
[WARN] 2018-02-21 15:07:40,324 blending done
[WARN] 2018-02-21 15:07:47,439 Image Mosaicing starts
[DEBUG] 2018-02-21 15:07:47,439 Working directory switched to one directory back
[WARN] 2018-02-21 15:07:47,468 Capturing images done
[WARN] 2018-02-21 15:07:47,500 feature detection done
[WARN] 2018-02-21 15:07:48,843 Keypoint display done
[WARN] 2018-02-21 15:07:48,845 feature matching done
[WARN] 2018-02-21 15:07:48,853 homography done
[WARN] 2018-02-21 15:07:49,760 goodmatch selection done
[WARN] 2018-02-21 15:07:49,784 image warping done
[WARN] 2018-02-21 15:07:50,953 blending done
[WARN] 2018-02-21 15:09:06,073 Image Mosaicing starts
[DEBUG] 2018-02-21 15:09:06,073 Working directory switched to one directory back
[WARN] 2018-02-21 15:09:06,105 Capturing images done
[WARN] 2018-02-21 15:09:06,159 feature detection done
[WARN] 2018-02-21 15:09:08,444 Keypoint display done
[WARN] 2018-02-21 15:09:08,448 feature matching done
[WARN] 2018-02-21 15:09:08,453 homography done
[WARN] 2018-02-21 15:09:09,455 goodmatch selection done
[WARN] 2018-02-21 15:09:09,485 image warping done
[WARN] 2018-02-21 15:10:47,332 blending done
[WARN] 2018-02-21 15:20:47,578 Image Mosaicing starts
[DEBUG] 2018-02-21 15:20:47,578 Working directory switched to one directory back
[WARN] 2018-02-21 15:20:47,666 Capturing images done
[WARN] 2018-02-21 15:20:48,001 feature detection done
[WARN] 2018-02-21 15:20:51,420 Keypoint display done
[WARN] 2018-02-21 15:20:51,482 feature matching done
[WARN] 2018-02-21 15:20:51,497 homography done
[WARN] 2018-02-21 15:20:52,182 goodmatch selection done
[WARN] 2018-02-21 15:20:52,231 image warping done
[WARN] 2018-02-21 15:20:58,428 blending done
[WARN] 2018-02-21 15:21:23,055 Image Mosaicing starts
[DEBUG] 2018-02-21 15:21:23,056 Working directory switched to one directory back
[WARN] 2018-02-21 15:21:23,092 Capturing images done
[WARN] 2018-02-21 15:21:23,140 feature detection done
[WARN] 2018-02-21 15:21:25,804 Keypoint display done
[WARN] 2018-02-21 15:21:25,811 feature matching done
[WARN] 2018-02-21 15:21:25,819 homography done
[WARN] 2018-02-21 15:21:37,030 goodmatch selection done
[WARN] 2018-02-21 15:21:37,049 image warping done
[WARN] 2018-02-21 15:21:46,040 blending done
[WARN] 2018-02-21 15:23:52,763 Image Mosaicing starts
[DEBUG] 2018-02-21 15:23:52,763 Working directory switched to one directory back
[WARN] 2018-02-21 15:24:42,161 Image Mosaicing starts
[DEBUG] 2018-02-21 15:24:42,161 Working directory switched to one directory back
[WARN] 2018-02-21 15:26:52,912 Image Mosaicing starts
[DEBUG] 2018-02-21 15:26:52,913 Working directory switched to one directory back
[WARN] 2018-02-21 15:27:25,180 Image Mosaicing starts
[DEBUG] 2018-02-21 15:27:25,180 Working directory switched to one directory back
[ERROR] 2018-02-21 15:27:25,181 No image data loaded
[WARN] 2018-02-21 15:27:30,655 Image Mosaicing starts
[DEBUG] 2018-02-21 15:27:30,655 Working directory switched to one directory back
[WARN] 2018-02-21 15:27:32,512 Images could not be stitched.
[WARN] 2018-02-21 15:27:37,888 Image Mosaicing starts
[DEBUG] 2018-02-21 15:27:37,888 Working directory switched to one directory back
[WARN] 2018-02-21 15:27:39,227 Images could not be stitched.
[WARN] 2018-02-21 15:27:45,916 Image Mosaicing starts
[DEBUG] 2018-02-21 15:27:45,916 Working directory switched to one directory back
[WARN] 2018-02-21 15:27:47,319 Images could not be stitched.
[WARN] 2018-02-21 15:27:50,883 Image Mosaicing starts
[DEBUG] 2018-02-21 15:27:50,883 Working directory switched to one directory back
[WARN] 2018-02-21 15:27:52,187 Images could not be stitched.
[WARN] 2018-02-21 15:28:01,606 Image Mosaicing starts
[DEBUG] 2018-02-21 15:28:01,606 Working directory switched to one directory back
[WARN] 2018-02-21 15:36:48,277 Image Mosaicing starts
[DEBUG] 2018-02-21 15:36:48,278 Working directory switched to one directory back
[ERROR] 2018-02-21 15:36:48,278 No image data loaded
[WARN] 2018-02-21 15:37:43,106 Image Mosaicing starts
[DEBUG] 2018-02-21 15:37:43,124 Working directory switched to one directory back
[WARN] 2018-02-21 15:37:48,322 Images could not be stitched.
[WARN] 2018-02-21 15:37:58,859 Image Mosaicing starts
[DEBUG] 2018-02-21 15:37:58,860 Working directory switched to one directory back
[WARN] 2018-02-21 15:38:01,737 Images could not be stitched.
[WARN] 2018-02-21 15:38:42,156 Image Mosaicing starts
[DEBUG] 2018-02-21 15:38:42,166 Working directory switched to one directory back
[WARN] 2018-02-21 15:38:42,233 Capturing images done
[WARN] 2018-02-21 15:38:42,486 feature detection done
[WARN] 2018-02-21 15:38:50,911 Keypoint display done
[WARN] 2018-02-21 15:38:51,190 feature matching done
[WARN] 2018-02-21 15:38:51,637 homography done
[WARN] 2018-02-21 15:39:00,627 goodmatch selection done
[WARN] 2018-02-21 15:39:00,932 image warping done
[WARN] 2018-02-21 15:39:09,702 blending done
[WARN] 2018-02-21 15:46:30,582 Image Mosaicing starts
[DEBUG] 2018-02-21 15:46:30,582 Working directory switched to one directory back
[WARN] 2018-02-21 15:46:30,615 Capturing images done
[WARN] 2018-02-21 15:46:30,719 feature detection done
[WARN] 2018-02-21 15:46:32,793 Keypoint display done
[WARN] 2018-02-21 15:46:32,797 feature matching done
[WARN] 2018-02-21 15:46:32,981 homography done
[WARN] 2018-02-21 15:46:34,908 goodmatch selection done
[WARN] 2018-02-21 15:46:34,923 image warping done
[WARN] 2018-02-21 15:46:58,037 blending done
[WARN] 2018-02-21 15:47:10,719 Image Mosaicing starts
[DEBUG] 2018-02-21 15:47:10,719 Working directory switched to one directory back
[WARN] 2018-02-21 15:47:10,979 Capturing images done
[WARN] 2018-02-21 15:47:11,021 feature detection done
[WARN] 2018-02-21 15:47:12,494 Keypoint display done
[WARN] 2018-02-21 15:47:12,498 feature matching done
[WARN] 2018-02-21 15:47:12,502 homography done
[WARN] 2018-02-21 15:47:13,516 goodmatch selection done
[WARN] 2018-02-21 15:47:13,529 image warping done
[WARN] 2018-02-21 15:47:35,261 blending done
[WARN] 2018-02-21 15:47:42,094 Image Mosaicing starts
[DEBUG] 2018-02-21 15:47:42,095 Working directory switched to one directory back
[WARN] 2018-02-21 15:47:42,126 Capturing images done
[WARN] 2018-02-21 15:47:42,174 feature detection done
[WARN] 2018-02-21 15:47:43,454 Keypoint display done
[WARN] 2018-02-21 15:47:43,458 feature matching done
[WARN] 2018-02-21 15:47:43,460 homography done
[WARN] 2018-02-21 15:47:44,223 goodmatch selection done
[WARN] 2018-02-21 15:47:44,236 image warping done
[WARN] 2018-02-21 15:48:22,699 blending done
